<?xml version="1.0" encoding="UTF-8"?>
<!-- Generated by org.testng.reporters.JUnitXMLReporter -->
<testsuite hostname="INAS-LP024" ignored="0" name="Default test(failed)(failed)" tests="2" failures="1" timestamp="02 May 2019 13:16:24 GMT" time="34.293" errors="0">
  <testcase name="ASST112a" time="4.475" classname="com.vrt.testcases.assetCreationTest">
    <failure type="java.lang.AssertionError" message="The following asserts failed:
	expected [Size accepts the format as XXXXX.XX( where X=0 - 9 ) and greater than 0.] but found [Size accepts the format as XXXXX{0}XX( where X=0 - 9 ) and greater than 0.]">
      <![CDATA[java.lang.AssertionError: The following asserts failed:
expected [Size accepts the format as XXXXX.XX( where X=0 - 9 ) and greater than 0.] but found [Size accepts the format as XXXXX{0}XX( where X=0 - 9 ) and greater than 0.]
at com.vrt.testcases.assetCreationTest.ASST112a(assetCreationTest.java:328)
... Removed 26 stack frames]]>
    </failure>
  </testcase> <!-- ASST112a -->
  <testcase name="ASST112a" time="4.47" classname="com.vrt.testcases.assetCreationTest"/>
</testsuite> <!-- Default test(failed)(failed) -->
