<?xml version="1.0" encoding="UTF-8"?>
<!-- Generated by org.testng.reporters.JUnitReportReporter -->
<testsuite skipped="19" hostname="INAS-LP024" name="com.vrt.testcases.UM_DeleteStudyAndReportAcessTest" tests="20" failures="0" timestamp="2020-03-19T02:26:50 IST" time="72.304" errors="1">
  <testcase name="ADMN081C" time="2.784" classname="com.vrt.testcases.UM_DeleteStudyAndReportAcessTest">
    <skipped/>
  </testcase> <!-- ADMN081C -->
  <testcase name="ADMN103C" time="2.829" classname="com.vrt.testcases.UM_DeleteStudyAndReportAcessTest">
    <skipped/>
  </testcase> <!-- ADMN103C -->
  <testcase name="ADMN063" time="2.851" classname="com.vrt.testcases.UM_DeleteStudyAndReportAcessTest">
    <skipped/>
  </testcase> <!-- ADMN063 -->
  <testcase name="ADMN081E" time="2.973" classname="com.vrt.testcases.UM_DeleteStudyAndReportAcessTest">
    <skipped/>
  </testcase> <!-- ADMN081E -->
  <testcase name="ADMN065B" time="2.996" classname="com.vrt.testcases.UM_DeleteStudyAndReportAcessTest">
    <skipped/>
  </testcase> <!-- ADMN065B -->
  <testcase name="ADMN081D" time="2.946" classname="com.vrt.testcases.UM_DeleteStudyAndReportAcessTest">
    <skipped/>
  </testcase> <!-- ADMN081D -->
  <testcase name="ADMN051" time="2.926" classname="com.vrt.testcases.UM_DeleteStudyAndReportAcessTest">
    <skipped/>
  </testcase> <!-- ADMN051 -->
  <testcase name="ADMN103A" time="2.750" classname="com.vrt.testcases.UM_DeleteStudyAndReportAcessTest">
    <skipped/>
  </testcase> <!-- ADMN103A -->
  <testcase name="ADMN056" time="2.790" classname="com.vrt.testcases.UM_DeleteStudyAndReportAcessTest">
    <skipped/>
  </testcase> <!-- ADMN056 -->
  <testcase name="ADMN065C" time="2.893" classname="com.vrt.testcases.UM_DeleteStudyAndReportAcessTest">
    <skipped/>
  </testcase> <!-- ADMN065C -->
  <testcase name="ADMN103E" time="2.909" classname="com.vrt.testcases.UM_DeleteStudyAndReportAcessTest">
    <skipped/>
  </testcase> <!-- ADMN103E -->
  <testcase name="ADMN065A" time="2.950" classname="com.vrt.testcases.UM_DeleteStudyAndReportAcessTest">
    <skipped/>
  </testcase> <!-- ADMN065A -->
  <testcase name="ADMN120" time="2.964" classname="com.vrt.testcases.UM_DeleteStudyAndReportAcessTest">
    <skipped/>
  </testcase> <!-- ADMN120 -->
  <testcase name="ADMN079" time="3.004" classname="com.vrt.testcases.UM_DeleteStudyAndReportAcessTest">
    <skipped/>
  </testcase> <!-- ADMN079 -->
  <testcase name="ADMN081B" time="3.128" classname="com.vrt.testcases.UM_DeleteStudyAndReportAcessTest">
    <skipped/>
  </testcase> <!-- ADMN081B -->
  <testcase name="ADMN103B" time="14.281" classname="com.vrt.testcases.UM_DeleteStudyAndReportAcessTest">
    <skipped/>
  </testcase> <!-- ADMN103B -->
  <testcase name="ADMN065E" time="2.984" classname="com.vrt.testcases.UM_DeleteStudyAndReportAcessTest">
    <skipped/>
  </testcase> <!-- ADMN065E -->
  <testcase name="ADMN103D" time="2.879" classname="com.vrt.testcases.UM_DeleteStudyAndReportAcessTest">
    <skipped/>
  </testcase> <!-- ADMN103D -->
  <testcase name="ADMN081A" time="0.026" classname="com.vrt.testcases.UM_DeleteStudyAndReportAcessTest">
    <skipped/>
  </testcase> <!-- ADMN081A -->
  <testcase name="Setup" time="8.441" classname="com.vrt.testcases.UM_DeleteStudyAndReportAcessTest">
    <error type="org.openqa.selenium.WebDriverException" message="Indicates that a command that should have executed properly cannot be supported for some reason. (WARNING: The server did not provide any stacktrace information)
Command duration or timeout: 0 milliseconds
Build info: version: &#039;3.141.59&#039;, revision: &#039;e82be7d358&#039;, time: &#039;2018-11-14T08:17:03&#039;
System info: host: &#039;INAS-LP024&#039;, ip: &#039;192.168.47.1&#039;, os.name: &#039;Windows 10&#039;, os.arch: &#039;amd64&#039;, os.version: &#039;10.0&#039;, java.version: &#039;1.8.0_181&#039;
Driver info: io.appium.java_client.windows.WindowsDriver
Capabilities {app: Kaye.ValProbeRT_racmveb2qnw..., javascriptEnabled: true, ms:waitForAppLaunch: 10, platform: WINDOWS, platformName: WINDOWS}
Session ID: 22079E69-F54D-4B1E-B2DB-6DC8D35B496C">
      <![CDATA[org.openqa.selenium.WebDriverException: Indicates that a command that should have executed properly cannot be supported for some reason. (WARNING: The server did not provide any stacktrace information)
Command duration or timeout: 0 milliseconds
Build info: version: '3.141.59', revision: 'e82be7d358', time: '2018-11-14T08:17:03'
System info: host: 'INAS-LP024', ip: '192.168.47.1', os.name: 'Windows 10', os.arch: 'amd64', os.version: '10.0', java.version: '1.8.0_181'
Driver info: io.appium.java_client.windows.WindowsDriver
Capabilities {app: Kaye.ValProbeRT_racmveb2qnw..., javascriptEnabled: true, ms:waitForAppLaunch: 10, platform: WINDOWS, platformName: WINDOWS}
Session ID: 22079E69-F54D-4B1E-B2DB-6DC8D35B496C
at sun.reflect.NativeConstructorAccessorImpl.newInstance0(Native Method)
at sun.reflect.NativeConstructorAccessorImpl.newInstance(NativeConstructorAccessorImpl.java:62)
at sun.reflect.DelegatingConstructorAccessorImpl.newInstance(DelegatingConstructorAccessorImpl.java:45)
at java.lang.reflect.Constructor.newInstance(Constructor.java:423)
at org.openqa.selenium.remote.ErrorHandler.createThrowable(ErrorHandler.java:214)
at org.openqa.selenium.remote.ErrorHandler.throwIfResponseFailed(ErrorHandler.java:166)
at org.openqa.selenium.remote.http.JsonHttpResponseCodec.reconstructValue(JsonHttpResponseCodec.java:40)
at org.openqa.selenium.remote.http.AbstractHttpResponseCodec.decode(AbstractHttpResponseCodec.java:80)
at org.openqa.selenium.remote.http.AbstractHttpResponseCodec.decode(AbstractHttpResponseCodec.java:44)
at org.openqa.selenium.remote.HttpCommandExecutor.execute(HttpCommandExecutor.java:158)
at io.appium.java_client.remote.AppiumCommandExecutor.execute(AppiumCommandExecutor.java:239)
at org.openqa.selenium.remote.RemoteWebDriver.execute(RemoteWebDriver.java:552)
at io.appium.java_client.DefaultGenericMobileDriver.execute(DefaultGenericMobileDriver.java:46)
at io.appium.java_client.AppiumDriver.execute(AppiumDriver.java:1)
at io.appium.java_client.windows.WindowsDriver.execute(WindowsDriver.java:1)
at org.openqa.selenium.remote.RemoteWebDriver$RemoteWebDriverOptions$RemoteWindow.maximize(RemoteWebDriver.java:837)
at com.vrt.base.BaseClass.LaunchApp(BaseClass.java:78)
at com.vrt.testcases.UM_DeleteStudyAndReportAcessTest.Setup(UM_DeleteStudyAndReportAcessTest.java:177)
at sun.reflect.NativeMethodAccessorImpl.invoke0(Native Method)
at sun.reflect.NativeMethodAccessorImpl.invoke(NativeMethodAccessorImpl.java:62)
at sun.reflect.DelegatingMethodAccessorImpl.invoke(DelegatingMethodAccessorImpl.java:43)
at java.lang.reflect.Method.invoke(Method.java:498)
at org.testng.internal.MethodInvocationHelper.invokeMethod(MethodInvocationHelper.java:133)
at org.testng.internal.MethodInvocationHelper.invokeMethodConsideringTimeout(MethodInvocationHelper.java:62)
at org.testng.internal.ConfigInvoker.invokeConfigurationMethod(ConfigInvoker.java:340)
at org.testng.internal.ConfigInvoker.invokeConfigurations(ConfigInvoker.java:294)
at org.testng.internal.TestInvoker.runConfigMethods(TestInvoker.java:683)
at org.testng.internal.TestInvoker.invokeMethod(TestInvoker.java:510)
at org.testng.internal.TestInvoker.invokeTestMethod(TestInvoker.java:172)
at org.testng.internal.MethodRunner.runInSequence(MethodRunner.java:46)
at org.testng.internal.TestInvoker$MethodInvocationAgent.invoke(TestInvoker.java:804)
at org.testng.internal.TestInvoker.invokeTestMethods(TestInvoker.java:145)
at org.testng.internal.TestMethodWorker.invokeTestMethods(TestMethodWorker.java:146)
at org.testng.internal.TestMethodWorker.run(TestMethodWorker.java:128)
at java.util.ArrayList.forEach(ArrayList.java:1257)
at org.testng.TestRunner.privateRun(TestRunner.java:770)
at org.testng.TestRunner.run(TestRunner.java:591)
at org.testng.SuiteRunner.runTest(SuiteRunner.java:402)
at org.testng.SuiteRunner.runSequentially(SuiteRunner.java:396)
at org.testng.SuiteRunner.privateRun(SuiteRunner.java:355)
at org.testng.SuiteRunner.run(SuiteRunner.java:304)
at org.testng.SuiteRunnerWorker.runSuite(SuiteRunnerWorker.java:53)
at org.testng.SuiteRunnerWorker.run(SuiteRunnerWorker.java:96)
at org.testng.TestNG.runSuitesSequentially(TestNG.java:1180)
at org.testng.TestNG.runSuitesLocally(TestNG.java:1102)
at org.testng.TestNG.runSuites(TestNG.java:1032)
at org.testng.TestNG.run(TestNG.java:1000)
at org.testng.remote.AbstractRemoteTestNG.run(AbstractRemoteTestNG.java:115)
at org.testng.remote.RemoteTestNG.initAndRun(RemoteTestNG.java:251)
at org.testng.remote.RemoteTestNG.main(RemoteTestNG.java:77)
]]>
    </error>
  </testcase> <!-- Setup -->
</testsuite> <!-- com.vrt.testcases.UM_DeleteStudyAndReportAcessTest -->
