<?xml version="1.0" encoding="UTF-8"?>
<!-- Generated by org.testng.reporters.JUnitReportReporter -->
<testsuite skipped="2" hostname="INAS-LP024" name="com.vrt.testcases.UM_customized_UserPrivilagesTest" tests="42" failures="0" timestamp="2020-03-19T02:26:50 IST" time="672.126" errors="1">
  <testcase name="CADMN17" time="8.380" classname="com.vrt.testcases.UM_customized_UserPrivilagesTest"/>
  <testcase name="CADMN24" time="11.345" classname="com.vrt.testcases.UM_customized_UserPrivilagesTest"/>
  <testcase name="CADMN13" time="11.446" classname="com.vrt.testcases.UM_customized_UserPrivilagesTest"/>
  <testcase name="CADMN27" time="11.765" classname="com.vrt.testcases.UM_customized_UserPrivilagesTest"/>
  <testcase name="CADMN2" time="11.453" classname="com.vrt.testcases.UM_customized_UserPrivilagesTest"/>
  <testcase name="CADMN1" time="13.393" classname="com.vrt.testcases.UM_customized_UserPrivilagesTest"/>
  <testcase name="CADMN14" time="12.584" classname="com.vrt.testcases.UM_customized_UserPrivilagesTest"/>
  <testcase name="CADMN20" time="13.382" classname="com.vrt.testcases.UM_customized_UserPrivilagesTest"/>
  <testcase name="CADMN29" time="10.372" classname="com.vrt.testcases.UM_customized_UserPrivilagesTest"/>
  <testcase name="CADMN11" time="12.740" classname="com.vrt.testcases.UM_customized_UserPrivilagesTest"/>
  <testcase name="CADMN37" time="28.912" classname="com.vrt.testcases.UM_customized_UserPrivilagesTest">
    <error type="org.openqa.selenium.NoSuchElementException" message="An element could not be located on the page using the given search parameters. (WARNING: The server did not provide any stacktrace information)
Command duration or timeout: 0 milliseconds
For documentation on this error, please visit: https://www.seleniumhq.org/exceptions/no_such_element.html
Build info: version: &#039;3.141.59&#039;, revision: &#039;e82be7d358&#039;, time: &#039;2018-11-14T08:17:03&#039;
System info: host: &#039;INAS-LP024&#039;, ip: &#039;192.168.47.1&#039;, os.name: &#039;Windows 10&#039;, os.arch: &#039;amd64&#039;, os.version: &#039;10.0&#039;, java.version: &#039;1.8.0_181&#039;
Driver info: io.appium.java_client.windows.WindowsDriver
Capabilities {app: Kaye.ValProbeRT_racmveb2qnw..., javascriptEnabled: true, ms:waitForAppLaunch: 10, platform: WINDOWS, platformName: WINDOWS}
Session ID: 9C556C29-00AD-4DB6-B190-EF9E4DC14628
*** Element info: {Using=accessibility id, value=SyncInFolderBrowseButton}">
      <![CDATA[org.openqa.selenium.NoSuchElementException: An element could not be located on the page using the given search parameters. (WARNING: The server did not provide any stacktrace information)
Command duration or timeout: 0 milliseconds
For documentation on this error, please visit: https://www.seleniumhq.org/exceptions/no_such_element.html
Build info: version: '3.141.59', revision: 'e82be7d358', time: '2018-11-14T08:17:03'
System info: host: 'INAS-LP024', ip: '192.168.47.1', os.name: 'Windows 10', os.arch: 'amd64', os.version: '10.0', java.version: '1.8.0_181'
Driver info: io.appium.java_client.windows.WindowsDriver
Capabilities {app: Kaye.ValProbeRT_racmveb2qnw..., javascriptEnabled: true, ms:waitForAppLaunch: 10, platform: WINDOWS, platformName: WINDOWS}
Session ID: 9C556C29-00AD-4DB6-B190-EF9E4DC14628
*** Element info: {Using=accessibility id, value=SyncInFolderBrowseButton}
at sun.reflect.NativeConstructorAccessorImpl.newInstance0(Native Method)
at sun.reflect.NativeConstructorAccessorImpl.newInstance(NativeConstructorAccessorImpl.java:62)
at sun.reflect.DelegatingConstructorAccessorImpl.newInstance(DelegatingConstructorAccessorImpl.java:45)
at java.lang.reflect.Constructor.newInstance(Constructor.java:423)
at org.openqa.selenium.remote.ErrorHandler.createThrowable(ErrorHandler.java:214)
at org.openqa.selenium.remote.ErrorHandler.throwIfResponseFailed(ErrorHandler.java:166)
at org.openqa.selenium.remote.http.JsonHttpResponseCodec.reconstructValue(JsonHttpResponseCodec.java:40)
at org.openqa.selenium.remote.http.AbstractHttpResponseCodec.decode(AbstractHttpResponseCodec.java:80)
at org.openqa.selenium.remote.http.AbstractHttpResponseCodec.decode(AbstractHttpResponseCodec.java:44)
at org.openqa.selenium.remote.HttpCommandExecutor.execute(HttpCommandExecutor.java:158)
at io.appium.java_client.remote.AppiumCommandExecutor.execute(AppiumCommandExecutor.java:239)
at org.openqa.selenium.remote.RemoteWebDriver.execute(RemoteWebDriver.java:552)
at io.appium.java_client.DefaultGenericMobileDriver.execute(DefaultGenericMobileDriver.java:42)
at io.appium.java_client.AppiumDriver.execute(AppiumDriver.java:1)
at io.appium.java_client.windows.WindowsDriver.execute(WindowsDriver.java:1)
at org.openqa.selenium.remote.RemoteWebDriver.findElement(RemoteWebDriver.java:323)
at io.appium.java_client.DefaultGenericMobileDriver.findElement(DefaultGenericMobileDriver.java:62)
at io.appium.java_client.AppiumDriver.findElement(AppiumDriver.java:1)
at io.appium.java_client.windows.WindowsDriver.findElement(WindowsDriver.java:1)
at io.appium.java_client.FindsByAccessibilityId.findElementByAccessibilityId(FindsByAccessibilityId.java:37)
at com.vrt.pages.SyncInPage.initElements(SyncInPage.java:31)
at com.vrt.pages.SyncInPage.<init>(SyncInPage.java:43)
at com.vrt.pages.FileManagementPage.ClickSyncInBtn_SyncinPage(FileManagementPage.java:80)
at com.vrt.testcases.UM_customized_UserPrivilagesTest.CADMN37(UM_customized_UserPrivilagesTest.java:991)
at sun.reflect.NativeMethodAccessorImpl.invoke0(Native Method)
at sun.reflect.NativeMethodAccessorImpl.invoke(NativeMethodAccessorImpl.java:62)
at sun.reflect.DelegatingMethodAccessorImpl.invoke(DelegatingMethodAccessorImpl.java:43)
at java.lang.reflect.Method.invoke(Method.java:498)
at org.testng.internal.MethodInvocationHelper.invokeMethod(MethodInvocationHelper.java:133)
at org.testng.internal.TestInvoker.invokeMethod(TestInvoker.java:584)
at org.testng.internal.TestInvoker.retryFailed(TestInvoker.java:204)
at org.testng.internal.MethodRunner.runInSequence(MethodRunner.java:58)
at org.testng.internal.TestInvoker$MethodInvocationAgent.invoke(TestInvoker.java:804)
at org.testng.internal.TestInvoker.invokeTestMethods(TestInvoker.java:145)
at org.testng.internal.TestMethodWorker.invokeTestMethods(TestMethodWorker.java:146)
at org.testng.internal.TestMethodWorker.run(TestMethodWorker.java:128)
at java.util.ArrayList.forEach(ArrayList.java:1257)
at org.testng.TestRunner.privateRun(TestRunner.java:770)
at org.testng.TestRunner.run(TestRunner.java:591)
at org.testng.SuiteRunner.runTest(SuiteRunner.java:402)
at org.testng.SuiteRunner.runSequentially(SuiteRunner.java:396)
at org.testng.SuiteRunner.privateRun(SuiteRunner.java:355)
at org.testng.SuiteRunner.run(SuiteRunner.java:304)
at org.testng.SuiteRunnerWorker.runSuite(SuiteRunnerWorker.java:53)
at org.testng.SuiteRunnerWorker.run(SuiteRunnerWorker.java:96)
at org.testng.TestNG.runSuitesSequentially(TestNG.java:1180)
at org.testng.TestNG.runSuitesLocally(TestNG.java:1102)
at org.testng.TestNG.runSuites(TestNG.java:1032)
at org.testng.TestNG.run(TestNG.java:1000)
at org.testng.remote.AbstractRemoteTestNG.run(AbstractRemoteTestNG.java:115)
at org.testng.remote.RemoteTestNG.initAndRun(RemoteTestNG.java:251)
at org.testng.remote.RemoteTestNG.main(RemoteTestNG.java:77)
]]>
    </error>
  </testcase> <!-- CADMN37 -->
  <testcase name="CADMN36" time="11.067" classname="com.vrt.testcases.UM_customized_UserPrivilagesTest"/>
  <testcase name="CADMN5" time="30.822" classname="com.vrt.testcases.UM_customized_UserPrivilagesTest"/>
  <testcase name="CADMN40" time="7.750" classname="com.vrt.testcases.UM_customized_UserPrivilagesTest"/>
  <testcase name="CADMN6" time="11.027" classname="com.vrt.testcases.UM_customized_UserPrivilagesTest"/>
  <testcase name="CADMN35" time="13.012" classname="com.vrt.testcases.UM_customized_UserPrivilagesTest"/>
  <testcase name="CADMN4" time="28.713" classname="com.vrt.testcases.UM_customized_UserPrivilagesTest"/>
  <testcase name="CADMN39" time="12.717" classname="com.vrt.testcases.UM_customized_UserPrivilagesTest"/>
  <testcase name="CADMN37" time="29.378" classname="com.vrt.testcases.UM_customized_UserPrivilagesTest">
    <skipped/>
  </testcase> <!-- CADMN37 -->
  <testcase name="CADMN34" time="30.848" classname="com.vrt.testcases.UM_customized_UserPrivilagesTest"/>
  <testcase name="CADMN19" time="31.847" classname="com.vrt.testcases.UM_customized_UserPrivilagesTest"/>
  <testcase name="CADMN38" time="11.143" classname="com.vrt.testcases.UM_customized_UserPrivilagesTest"/>
  <testcase name="CADMN28" time="14.068" classname="com.vrt.testcases.UM_customized_UserPrivilagesTest"/>
  <testcase name="CADMN18" time="11.219" classname="com.vrt.testcases.UM_customized_UserPrivilagesTest"/>
  <testcase name="CADMN21" time="17.156" classname="com.vrt.testcases.UM_customized_UserPrivilagesTest"/>
  <testcase name="CADMN25" time="11.109" classname="com.vrt.testcases.UM_customized_UserPrivilagesTest"/>
  <testcase name="CADMN15" time="12.084" classname="com.vrt.testcases.UM_customized_UserPrivilagesTest"/>
  <testcase name="CADMN9" time="7.541" classname="com.vrt.testcases.UM_customized_UserPrivilagesTest"/>
  <testcase name="CADMN33" time="8.393" classname="com.vrt.testcases.UM_customized_UserPrivilagesTest"/>
  <testcase name="CADMN30" time="18.765" classname="com.vrt.testcases.UM_customized_UserPrivilagesTest"/>
  <testcase name="CADMN32" time="23.698" classname="com.vrt.testcases.UM_customized_UserPrivilagesTest"/>
  <testcase name="CADMN22" time="24.351" classname="com.vrt.testcases.UM_customized_UserPrivilagesTest"/>
  <testcase name="CADMN31" time="24.386" classname="com.vrt.testcases.UM_customized_UserPrivilagesTest"/>
  <testcase name="CADMN23" time="23.398" classname="com.vrt.testcases.UM_customized_UserPrivilagesTest"/>
  <testcase name="CADMN7" time="10.733" classname="com.vrt.testcases.UM_customized_UserPrivilagesTest"/>
  <testcase name="CADMN3" time="8.771" classname="com.vrt.testcases.UM_customized_UserPrivilagesTest"/>
  <testcase name="CADMN16" time="14.616" classname="com.vrt.testcases.UM_customized_UserPrivilagesTest"/>
  <testcase name="CADMN8" time="10.647" classname="com.vrt.testcases.UM_customized_UserPrivilagesTest"/>
  <testcase name="CADMN12" time="13.285" classname="com.vrt.testcases.UM_customized_UserPrivilagesTest"/>
  <testcase name="CADMN26" time="7.806" classname="com.vrt.testcases.UM_customized_UserPrivilagesTest"/>
  <testcase name="CADMN37" time="28.398" classname="com.vrt.testcases.UM_customized_UserPrivilagesTest">
    <skipped/>
  </testcase> <!-- CADMN37 -->
  <testcase name="CADMN10" time="17.606" classname="com.vrt.testcases.UM_customized_UserPrivilagesTest"/>
</testsuite> <!-- com.vrt.testcases.UM_customized_UserPrivilagesTest -->
