<?xml version="1.0" encoding="UTF-8"?>
<!-- Generated by org.testng.reporters.JUnitReportReporter -->
<testsuite skipped="2" hostname="INAS-LP024" name="com.vrt.testcases.UserPrivilegesTest" tests="33" failures="1" timestamp="2020-03-19T02:26:50 IST" time="472.145" errors="0">
  <testcase name="ADMN106" time="13.349" classname="com.vrt.testcases.UserPrivilegesTest"/>
  <testcase name="ADMN084" time="8.088" classname="com.vrt.testcases.UserPrivilegesTest"/>
  <testcase name="ADMN074A" time="13.143" classname="com.vrt.testcases.UserPrivilegesTest"/>
  <testcase name="ADMN118" time="22.510" classname="com.vrt.testcases.UserPrivilegesTest"/>
  <testcase name="ADMN109A" time="11.582" classname="com.vrt.testcases.UserPrivilegesTest"/>
  <testcase name="ADMN094A" time="11.239" classname="com.vrt.testcases.UserPrivilegesTest"/>
  <testcase name="ADMN072" time="15.222" classname="com.vrt.testcases.UserPrivilegesTest">
    <skipped/>
  </testcase> <!-- ADMN072 -->
  <testcase name="ADMN117A" time="29.445" classname="com.vrt.testcases.UserPrivilegesTest"/>
  <testcase name="ADMN075" time="8.190" classname="com.vrt.testcases.UserPrivilegesTest"/>
  <testcase name="ADMN077A" time="28.286" classname="com.vrt.testcases.UserPrivilegesTest"/>
  <testcase name="ADMN073" time="13.880" classname="com.vrt.testcases.UserPrivilegesTest"/>
  <testcase name="ADMN074" time="17.653" classname="com.vrt.testcases.UserPrivilegesTest"/>
  <testcase name="ADMN108" time="7.924" classname="com.vrt.testcases.UserPrivilegesTest"/>
  <testcase name="ADMN097" time="15.594" classname="com.vrt.testcases.UserPrivilegesTest"/>
  <testcase name="ADMN064" time="19.894" classname="com.vrt.testcases.UserPrivilegesTest"/>
  <testcase name="ADMN086" time="11.990" classname="com.vrt.testcases.UserPrivilegesTest"/>
  <testcase name="ADMN077" time="9.190" classname="com.vrt.testcases.UserPrivilegesTest"/>
  <testcase name="ADMN094" time="11.280" classname="com.vrt.testcases.UserPrivilegesTest"/>
  <testcase name="ADMN107" time="13.136" classname="com.vrt.testcases.UserPrivilegesTest"/>
  <testcase name="ADMN116A" time="11.901" classname="com.vrt.testcases.UserPrivilegesTest"/>
  <testcase name="ADMN076" time="13.379" classname="com.vrt.testcases.UserPrivilegesTest"/>
  <testcase name="ADMN080" time="22.826" classname="com.vrt.testcases.UserPrivilegesTest"/>
  <testcase name="ADMN098" time="13.991" classname="com.vrt.testcases.UserPrivilegesTest"/>
  <testcase name="ADMN117" time="9.646" classname="com.vrt.testcases.UserPrivilegesTest"/>
  <testcase name="ADMN099" time="17.836" classname="com.vrt.testcases.UserPrivilegesTest"/>
  <testcase name="ADMN072" time="15.407" classname="com.vrt.testcases.UserPrivilegesTest">
    <failure type="java.lang.AssertionError" message="The following asserts failed:
	FAIL: CreatePassFailtemplatestatus checkbox should  be Checked expected [false] but found [true],
	FAIL: EditPassFailtemplatestatus checkbox should  be Checked expected [false] but found [true],
	FAIL: Deletepassfailtemplatestatus checkbox should  be Checked expected [false] but found [true]">
      <![CDATA[java.lang.AssertionError: The following asserts failed:
FAIL: CreatePassFailtemplatestatus checkbox should  be Checked expected [false] but found [true],
FAIL: EditPassFailtemplatestatus checkbox should  be Checked expected [false] but found [true],
FAIL: Deletepassfailtemplatestatus checkbox should  be Checked expected [false] but found [true]
at org.testng.asserts.SoftAssert.assertAll(SoftAssert.java:47)
at org.testng.asserts.SoftAssert.assertAll(SoftAssert.java:31)
at com.vrt.testcases.UserPrivilegesTest.ADMN072(UserPrivilegesTest.java:492)
at sun.reflect.NativeMethodAccessorImpl.invoke0(Native Method)
at sun.reflect.NativeMethodAccessorImpl.invoke(NativeMethodAccessorImpl.java:62)
at sun.reflect.DelegatingMethodAccessorImpl.invoke(DelegatingMethodAccessorImpl.java:43)
at java.lang.reflect.Method.invoke(Method.java:498)
at org.testng.internal.MethodInvocationHelper.invokeMethod(MethodInvocationHelper.java:133)
at org.testng.internal.TestInvoker.invokeMethod(TestInvoker.java:584)
at org.testng.internal.TestInvoker.retryFailed(TestInvoker.java:204)
at org.testng.internal.MethodRunner.runInSequence(MethodRunner.java:58)
at org.testng.internal.TestInvoker$MethodInvocationAgent.invoke(TestInvoker.java:804)
at org.testng.internal.TestInvoker.invokeTestMethods(TestInvoker.java:145)
at org.testng.internal.TestMethodWorker.invokeTestMethods(TestMethodWorker.java:146)
at org.testng.internal.TestMethodWorker.run(TestMethodWorker.java:128)
at java.util.ArrayList.forEach(ArrayList.java:1257)
at org.testng.TestRunner.privateRun(TestRunner.java:770)
at org.testng.TestRunner.run(TestRunner.java:591)
at org.testng.SuiteRunner.runTest(SuiteRunner.java:402)
at org.testng.SuiteRunner.runSequentially(SuiteRunner.java:396)
at org.testng.SuiteRunner.privateRun(SuiteRunner.java:355)
at org.testng.SuiteRunner.run(SuiteRunner.java:304)
at org.testng.SuiteRunnerWorker.runSuite(SuiteRunnerWorker.java:53)
at org.testng.SuiteRunnerWorker.run(SuiteRunnerWorker.java:96)
at org.testng.TestNG.runSuitesSequentially(TestNG.java:1180)
at org.testng.TestNG.runSuitesLocally(TestNG.java:1102)
at org.testng.TestNG.runSuites(TestNG.java:1032)
at org.testng.TestNG.run(TestNG.java:1000)
at org.testng.remote.AbstractRemoteTestNG.run(AbstractRemoteTestNG.java:115)
at org.testng.remote.RemoteTestNG.initAndRun(RemoteTestNG.java:251)
at org.testng.remote.RemoteTestNG.main(RemoteTestNG.java:77)
]]>
    </failure>
  </testcase> <!-- ADMN072 -->
  <testcase name="ADMN105" time="13.239" classname="com.vrt.testcases.UserPrivilegesTest"/>
  <testcase name="ADMN109" time="11.733" classname="com.vrt.testcases.UserPrivilegesTest"/>
  <testcase name="ADMN100" time="12.962" classname="com.vrt.testcases.UserPrivilegesTest"/>
  <testcase name="ADMN083" time="11.176" classname="com.vrt.testcases.UserPrivilegesTest"/>
  <testcase name="ADMN072" time="15.337" classname="com.vrt.testcases.UserPrivilegesTest">
    <skipped/>
  </testcase> <!-- ADMN072 -->
  <testcase name="ADMN115" time="7.783" classname="com.vrt.testcases.UserPrivilegesTest"/>
  <testcase name="ADMN078" time="13.334" classname="com.vrt.testcases.UserPrivilegesTest"/>
</testsuite> <!-- com.vrt.testcases.UserPrivilegesTest -->
