<?xml version="1.0" encoding="UTF-8"?>
<!-- Generated by org.testng.reporters.JUnitXMLReporter -->
<testsuite hostname="INAS-LP024" ignored="0" name="UMTestRegression" tests="357" failures="15" timestamp="2020-03-19T02:26:49 IST" time="6643.056" errors="0">
  <testcase name="@BeforeMethod Setup" time="8.441" classname="com.vrt.testcases.UM_DeleteStudyAndReportAcessTest">
    <failure type="org.openqa.selenium.WebDriverException" message="Indicates that a command that should have executed properly cannot be supported for some reason. (WARNING: The server did not provide any stacktrace information)
Command duration or timeout: 0 milliseconds
Build info: version: &amp;apos;3.141.59&amp;apos;, revision: &amp;apos;e82be7d358&amp;apos;, time: &amp;apos;2018-11-14T08:17:03&amp;apos;
System info: host: &amp;apos;INAS-LP024&amp;apos;, ip: &amp;apos;192.168.47.1&amp;apos;, os.name: &amp;apos;Windows 10&amp;apos;, os.arch: &amp;apos;amd64&amp;apos;, os.version: &amp;apos;10.0&amp;apos;, java.version: &amp;apos;1.8.0_181&amp;apos;
Driver info: io.appium.java_client.windows.WindowsDriver
Capabilities {app: Kaye.ValProbeRT_racmveb2qnw..., javascriptEnabled: true, ms:waitForAppLaunch: 10, platform: WINDOWS, platformName: WINDOWS}
Session ID: 22079E69-F54D-4B1E-B2DB-6DC8D35B496C">
      <![CDATA[org.openqa.selenium.WebDriverException: Indicates that a command that should have executed properly cannot be supported for some reason. (WARNING: The server did not provide any stacktrace information)
Command duration or timeout: 0 milliseconds
Build info: version: '3.141.59', revision: 'e82be7d358', time: '2018-11-14T08:17:03'
System info: host: 'INAS-LP024', ip: '192.168.47.1', os.name: 'Windows 10', os.arch: 'amd64', os.version: '10.0', java.version: '1.8.0_181'
Driver info: io.appium.java_client.windows.WindowsDriver
Capabilities {app: Kaye.ValProbeRT_racmveb2qnw..., javascriptEnabled: true, ms:waitForAppLaunch: 10, platform: WINDOWS, platformName: WINDOWS}
Session ID: 22079E69-F54D-4B1E-B2DB-6DC8D35B496C
at org.openqa.selenium.remote.ErrorHandler.createThrowable(ErrorHandler.java:214)
at org.openqa.selenium.remote.ErrorHandler.throwIfResponseFailed(ErrorHandler.java:166)
at org.openqa.selenium.remote.http.JsonHttpResponseCodec.reconstructValue(JsonHttpResponseCodec.java:40)
at org.openqa.selenium.remote.http.AbstractHttpResponseCodec.decode(AbstractHttpResponseCodec.java:80)
at org.openqa.selenium.remote.http.AbstractHttpResponseCodec.decode(AbstractHttpResponseCodec.java:44)
at org.openqa.selenium.remote.HttpCommandExecutor.execute(HttpCommandExecutor.java:158)
at io.appium.java_client.remote.AppiumCommandExecutor.execute(AppiumCommandExecutor.java:239)
at org.openqa.selenium.remote.RemoteWebDriver.execute(RemoteWebDriver.java:552)
at io.appium.java_client.DefaultGenericMobileDriver.execute(DefaultGenericMobileDriver.java:46)
at io.appium.java_client.AppiumDriver.execute(AppiumDriver.java:1)
at io.appium.java_client.windows.WindowsDriver.execute(WindowsDriver.java:1)
at org.openqa.selenium.remote.RemoteWebDriver$RemoteWebDriverOptions$RemoteWindow.maximize(RemoteWebDriver.java:837)
at com.vrt.base.BaseClass.LaunchApp(BaseClass.java:78)
at com.vrt.testcases.UM_DeleteStudyAndReportAcessTest.Setup(UM_DeleteStudyAndReportAcessTest.java:177)
at java.util.ArrayList.forEach(ArrayList.java:1257)
... Removed 35 stack frames]]>
    </failure>
  </testcase> <!-- @BeforeMethod Setup -->
  <testcase name="@AfterClass endReport" time="-1.584565009535E9" classname="com.vrt.testcases.UM_DeleteStudyAndReportAcessTest">
    <skipped/>
  </testcase> <!-- @AfterClass endReport -->
  <testcase name="@AfterTest endReport" time="-1.584565009535E9" classname="com.vrt.testcases.UM_DeleteStudyAndReportAcessTest">
    <skipped/>
  </testcase> <!-- @AfterTest endReport -->
  <testcase name="ADMN006" time="0.032" classname="com.vrt.testcases.UserManagementTest"/>
  <testcase name="ADMN007" time="0.558" classname="com.vrt.testcases.UserManagementTest"/>
  <testcase name="ADMN008" time="7.723" classname="com.vrt.testcases.UserManagementTest"/>
  <testcase name="ADMN008" time="7.556" classname="com.vrt.testcases.UserManagementTest"/>
  <testcase name="ADMN008" time="7.17" classname="com.vrt.testcases.UserManagementTest"/>
  <testcase name="ADMN008" time="8.472" classname="com.vrt.testcases.UserManagementTest"/>
  <testcase name="ADMN009" time="7.992" classname="com.vrt.testcases.UserManagementTest"/>
  <testcase name="ADMN009" time="8.001" classname="com.vrt.testcases.UserManagementTest"/>
  <testcase name="ADMN009" time="7.855" classname="com.vrt.testcases.UserManagementTest"/>
  <testcase name="ADMN009" time="8.069" classname="com.vrt.testcases.UserManagementTest"/>
  <testcase name="ADMN009" time="8.264" classname="com.vrt.testcases.UserManagementTest"/>
  <testcase name="ADMN009A" time="2.829" classname="com.vrt.testcases.UserManagementTest"/>
  <testcase name="ADMN010" time="8.122" classname="com.vrt.testcases.UserManagementTest"/>
  <testcase name="ADMN010" time="8.17" classname="com.vrt.testcases.UserManagementTest"/>
  <testcase name="ADMN010" time="8.304" classname="com.vrt.testcases.UserManagementTest"/>
  <testcase name="ADMN010" time="8.187" classname="com.vrt.testcases.UserManagementTest"/>
  <testcase name="ADMN010" time="8.244" classname="com.vrt.testcases.UserManagementTest"/>
  <testcase name="ADMN010" time="8.114" classname="com.vrt.testcases.UserManagementTest"/>
  <testcase name="ADMN010" time="8.203" classname="com.vrt.testcases.UserManagementTest"/>
  <testcase name="ADMN010" time="8.204" classname="com.vrt.testcases.UserManagementTest"/>
  <testcase name="ADMN010" time="8.239" classname="com.vrt.testcases.UserManagementTest"/>
  <testcase name="ADMN010" time="8.205" classname="com.vrt.testcases.UserManagementTest"/>
  <testcase name="ADMN010" time="8.187" classname="com.vrt.testcases.UserManagementTest"/>
  <testcase name="ADMN010" time="8.182" classname="com.vrt.testcases.UserManagementTest"/>
  <testcase name="ADMN010" time="8.136" classname="com.vrt.testcases.UserManagementTest"/>
  <testcase name="ADMN010" time="8.127" classname="com.vrt.testcases.UserManagementTest"/>
  <testcase name="ADMN010" time="8.189" classname="com.vrt.testcases.UserManagementTest"/>
  <testcase name="ADMN010" time="8.175" classname="com.vrt.testcases.UserManagementTest"/>
  <testcase name="ADMN010" time="8.093" classname="com.vrt.testcases.UserManagementTest"/>
  <testcase name="ADMN010" time="8.199" classname="com.vrt.testcases.UserManagementTest"/>
  <testcase name="ADMN010" time="8.178" classname="com.vrt.testcases.UserManagementTest"/>
  <testcase name="ADMN010" time="8.144" classname="com.vrt.testcases.UserManagementTest"/>
  <testcase name="ADMN010" time="8.276" classname="com.vrt.testcases.UserManagementTest"/>
  <testcase name="ADMN010" time="8.21" classname="com.vrt.testcases.UserManagementTest"/>
  <testcase name="ADMN010" time="8.234" classname="com.vrt.testcases.UserManagementTest"/>
  <testcase name="ADMN010" time="8.18" classname="com.vrt.testcases.UserManagementTest"/>
  <testcase name="ADMN010" time="8.107" classname="com.vrt.testcases.UserManagementTest"/>
  <testcase name="ADMN011" time="7.715" classname="com.vrt.testcases.UserManagementTest"/>
  <testcase name="ADMN011" time="7.716" classname="com.vrt.testcases.UserManagementTest"/>
  <testcase name="ADMN011" time="7.894" classname="com.vrt.testcases.UserManagementTest"/>
  <testcase name="ADMN011" time="7.768" classname="com.vrt.testcases.UserManagementTest"/>
  <testcase name="ADMN011A" time="1.61" classname="com.vrt.testcases.UserManagementTest"/>
  <testcase name="ADMN012" time="7.593" classname="com.vrt.testcases.UserManagementTest"/>
  <testcase name="ADMN012" time="7.634" classname="com.vrt.testcases.UserManagementTest"/>
  <testcase name="ADMN012" time="7.766" classname="com.vrt.testcases.UserManagementTest"/>
  <testcase name="ADMN012" time="7.55" classname="com.vrt.testcases.UserManagementTest"/>
  <testcase name="ADMN012" time="7.625" classname="com.vrt.testcases.UserManagementTest"/>
  <testcase name="ADMN012" time="7.644" classname="com.vrt.testcases.UserManagementTest"/>
  <testcase name="ADMN012" time="7.55" classname="com.vrt.testcases.UserManagementTest"/>
  <testcase name="ADMN012" time="7.607" classname="com.vrt.testcases.UserManagementTest"/>
  <testcase name="ADMN012" time="31.303" classname="com.vrt.testcases.UserManagementTest">
    <skipped/>
  </testcase> <!-- ADMN012 -->
  <testcase name="ADMN012" time="0.0" classname="com.vrt.testcases.UserManagementTest">
    <skipped/>
  </testcase> <!-- ADMN012 -->
  <testcase name="ADMN012" time="0.0" classname="com.vrt.testcases.UserManagementTest">
    <skipped/>
  </testcase> <!-- ADMN012 -->
  <testcase name="ADMN012" time="0.001" classname="com.vrt.testcases.UserManagementTest">
    <failure type="java.lang.IllegalArgumentException" message="wrong number of arguments">
      <![CDATA[java.lang.IllegalArgumentException: wrong number of arguments
at java.util.ArrayList.forEach(ArrayList.java:1257)
... Removed 27 stack frames]]>
    </failure>
  </testcase> <!-- ADMN012 -->
  <testcase name="ADMN012" time="7.597" classname="com.vrt.testcases.UserManagementTest"/>
  <testcase name="ADMN012" time="7.654" classname="com.vrt.testcases.UserManagementTest"/>
  <testcase name="ADMN012" time="7.653" classname="com.vrt.testcases.UserManagementTest"/>
  <testcase name="ADMN012" time="7.559" classname="com.vrt.testcases.UserManagementTest"/>
  <testcase name="ADMN012" time="7.575" classname="com.vrt.testcases.UserManagementTest"/>
  <testcase name="ADMN012" time="7.617" classname="com.vrt.testcases.UserManagementTest"/>
  <testcase name="ADMN012" time="7.591" classname="com.vrt.testcases.UserManagementTest"/>
  <testcase name="ADMN012" time="7.558" classname="com.vrt.testcases.UserManagementTest"/>
  <testcase name="ADMN012" time="7.702" classname="com.vrt.testcases.UserManagementTest"/>
  <testcase name="ADMN012" time="7.598" classname="com.vrt.testcases.UserManagementTest"/>
  <testcase name="ADMN012" time="7.53" classname="com.vrt.testcases.UserManagementTest"/>
  <testcase name="ADMN012" time="7.682" classname="com.vrt.testcases.UserManagementTest"/>
  <testcase name="ADMN012" time="7.668" classname="com.vrt.testcases.UserManagementTest"/>
  <testcase name="ADMN012" time="7.57" classname="com.vrt.testcases.UserManagementTest"/>
  <testcase name="ADMN012" time="7.531" classname="com.vrt.testcases.UserManagementTest"/>
  <testcase name="ADMN012" time="7.707" classname="com.vrt.testcases.UserManagementTest"/>
  <testcase name="ADMN012" time="7.742" classname="com.vrt.testcases.UserManagementTest"/>
  <testcase name="ADMN012" time="7.6" classname="com.vrt.testcases.UserManagementTest"/>
  <testcase name="ADMN013" time="7.804" classname="com.vrt.testcases.UserManagementTest"/>
  <testcase name="ADMN014" time="7.713" classname="com.vrt.testcases.UserManagementTest"/>
  <testcase name="ADMN014A" time="17.525" classname="com.vrt.testcases.UserManagementTest"/>
  <testcase name="ADMN014B" time="17.184" classname="com.vrt.testcases.UserManagementTest"/>
  <testcase name="ADMN015" time="0.0" classname="com.vrt.testcases.UserManagementTest">
    <skipped/>
  </testcase> <!-- ADMN015 -->
  <testcase name="ADMN015a" time="2.895" classname="com.vrt.testcases.UserManagementTest"/>
  <testcase name="ADMN016" time="0.0" classname="com.vrt.testcases.UserManagementTest">
    <skipped/>
  </testcase> <!-- ADMN016 -->
  <testcase name="ADMN016a" time="4.307" classname="com.vrt.testcases.UserManagementTest"/>
  <testcase name="ADMN017" time="0.0" classname="com.vrt.testcases.UserManagementTest">
    <skipped/>
  </testcase> <!-- ADMN017 -->
  <testcase name="ADMN017a" time="2.84" classname="com.vrt.testcases.UserManagementTest"/>
  <testcase name="ADMN018" time="0.0" classname="com.vrt.testcases.UserManagementTest">
    <skipped/>
  </testcase> <!-- ADMN018 -->
  <testcase name="ADMN019" time="6.896" classname="com.vrt.testcases.UserManagementTest"/>
  <testcase name="ADMN020" time="10.395" classname="com.vrt.testcases.UserManagementTest"/>
  <testcase name="ADMN021" time="7.578" classname="com.vrt.testcases.UserManagementTest"/>
  <testcase name="ADMN021" time="7.626" classname="com.vrt.testcases.UserManagementTest"/>
  <testcase name="ADMN021" time="7.989" classname="com.vrt.testcases.UserManagementTest"/>
  <testcase name="ADMN021" time="7.922" classname="com.vrt.testcases.UserManagementTest"/>
  <testcase name="ADMN021" time="7.917" classname="com.vrt.testcases.UserManagementTest"/>
  <testcase name="ADMN021" time="8.261" classname="com.vrt.testcases.UserManagementTest"/>
  <testcase name="ADMN021a" time="4.941" classname="com.vrt.testcases.UserManagementTest"/>
  <testcase name="ADMN022" time="7.631" classname="com.vrt.testcases.UserManagementTest"/>
  <testcase name="ADMN022" time="7.285" classname="com.vrt.testcases.UserManagementTest"/>
  <testcase name="ADMN022" time="7.093" classname="com.vrt.testcases.UserManagementTest"/>
  <testcase name="ADMN022" time="7.192" classname="com.vrt.testcases.UserManagementTest"/>
  <testcase name="ADMN022" time="7.174" classname="com.vrt.testcases.UserManagementTest"/>
  <testcase name="ADMN022" time="7.148" classname="com.vrt.testcases.UserManagementTest"/>
  <testcase name="ADMN022" time="7.246" classname="com.vrt.testcases.UserManagementTest"/>
  <testcase name="ADMN022" time="7.232" classname="com.vrt.testcases.UserManagementTest"/>
  <testcase name="ADMN022" time="7.096" classname="com.vrt.testcases.UserManagementTest"/>
  <testcase name="ADMN022" time="7.151" classname="com.vrt.testcases.UserManagementTest"/>
  <testcase name="ADMN022" time="7.179" classname="com.vrt.testcases.UserManagementTest"/>
  <testcase name="ADMN022" time="7.196" classname="com.vrt.testcases.UserManagementTest"/>
  <testcase name="ADMN022" time="7.33" classname="com.vrt.testcases.UserManagementTest"/>
  <testcase name="ADMN022" time="7.243" classname="com.vrt.testcases.UserManagementTest"/>
  <testcase name="ADMN022" time="7.242" classname="com.vrt.testcases.UserManagementTest"/>
  <testcase name="ADMN022" time="7.174" classname="com.vrt.testcases.UserManagementTest"/>
  <testcase name="ADMN022" time="7.186" classname="com.vrt.testcases.UserManagementTest"/>
  <testcase name="ADMN022" time="7.148" classname="com.vrt.testcases.UserManagementTest"/>
  <testcase name="ADMN022" time="7.21" classname="com.vrt.testcases.UserManagementTest"/>
  <testcase name="ADMN022" time="7.009" classname="com.vrt.testcases.UserManagementTest"/>
  <testcase name="ADMN022" time="7.153" classname="com.vrt.testcases.UserManagementTest"/>
  <testcase name="ADMN022" time="7.268" classname="com.vrt.testcases.UserManagementTest"/>
  <testcase name="ADMN022" time="7.18" classname="com.vrt.testcases.UserManagementTest"/>
  <testcase name="ADMN022" time="7.264" classname="com.vrt.testcases.UserManagementTest"/>
  <testcase name="ADMN022" time="7.349" classname="com.vrt.testcases.UserManagementTest"/>
  <testcase name="ADMN022" time="7.231" classname="com.vrt.testcases.UserManagementTest"/>
  <testcase name="ADMN022" time="7.131" classname="com.vrt.testcases.UserManagementTest"/>
  <testcase name="ADMN022" time="7.108" classname="com.vrt.testcases.UserManagementTest"/>
  <testcase name="ADMN022" time="7.178" classname="com.vrt.testcases.UserManagementTest"/>
  <testcase name="ADMN024" time="8.026" classname="com.vrt.testcases.UserManagementTest"/>
  <testcase name="ADMN025" time="9.819" classname="com.vrt.testcases.UserManagementTest"/>
  <testcase name="ADMN025" time="8.014" classname="com.vrt.testcases.UserManagementTest"/>
  <testcase name="ADMN025" time="9.245" classname="com.vrt.testcases.UserManagementTest"/>
  <testcase name="ADMN025" time="9.115" classname="com.vrt.testcases.UserManagementTest"/>
  <testcase name="ADMN026" time="9.793" classname="com.vrt.testcases.UserManagementTest"/>
  <testcase name="ADMN026" time="8.328" classname="com.vrt.testcases.UserManagementTest"/>
  <testcase name="ADMN026" time="9.248" classname="com.vrt.testcases.UserManagementTest"/>
  <testcase name="ADMN026" time="9.151" classname="com.vrt.testcases.UserManagementTest"/>
  <testcase name="ADMN026" time="8.39" classname="com.vrt.testcases.UserManagementTest"/>
  <testcase name="ADMN026" time="9.364" classname="com.vrt.testcases.UserManagementTest"/>
  <testcase name="ADMN026" time="9.069" classname="com.vrt.testcases.UserManagementTest"/>
  <testcase name="ADMN026" time="9.252" classname="com.vrt.testcases.UserManagementTest"/>
  <testcase name="ADMN026" time="9.211" classname="com.vrt.testcases.UserManagementTest"/>
  <testcase name="ADMN026" time="9.196" classname="com.vrt.testcases.UserManagementTest"/>
  <testcase name="ADMN026" time="9.317" classname="com.vrt.testcases.UserManagementTest"/>
  <testcase name="ADMN026" time="9.201" classname="com.vrt.testcases.UserManagementTest"/>
  <testcase name="ADMN026" time="9.315" classname="com.vrt.testcases.UserManagementTest"/>
  <testcase name="ADMN026" time="9.242" classname="com.vrt.testcases.UserManagementTest"/>
  <testcase name="ADMN026" time="9.248" classname="com.vrt.testcases.UserManagementTest"/>
  <testcase name="ADMN026" time="9.276" classname="com.vrt.testcases.UserManagementTest"/>
  <testcase name="ADMN026" time="9.137" classname="com.vrt.testcases.UserManagementTest"/>
  <testcase name="ADMN026" time="9.157" classname="com.vrt.testcases.UserManagementTest"/>
  <testcase name="ADMN026" time="9.319" classname="com.vrt.testcases.UserManagementTest"/>
  <testcase name="ADMN026" time="9.269" classname="com.vrt.testcases.UserManagementTest"/>
  <testcase name="ADMN026" time="9.299" classname="com.vrt.testcases.UserManagementTest"/>
  <testcase name="ADMN026" time="9.267" classname="com.vrt.testcases.UserManagementTest"/>
  <testcase name="ADMN026" time="9.27" classname="com.vrt.testcases.UserManagementTest"/>
  <testcase name="ADMN026" time="9.267" classname="com.vrt.testcases.UserManagementTest"/>
  <testcase name="ADMN026" time="9.217" classname="com.vrt.testcases.UserManagementTest"/>
  <testcase name="ADMN026" time="9.347" classname="com.vrt.testcases.UserManagementTest"/>
  <testcase name="ADMN026" time="9.263" classname="com.vrt.testcases.UserManagementTest"/>
  <testcase name="ADMN026" time="9.207" classname="com.vrt.testcases.UserManagementTest"/>
  <testcase name="ADMN026" time="9.233" classname="com.vrt.testcases.UserManagementTest"/>
  <testcase name="ADMN026" time="9.202" classname="com.vrt.testcases.UserManagementTest"/>
  <testcase name="ADMN026" time="9.268" classname="com.vrt.testcases.UserManagementTest"/>
  <testcase name="ADMN026" time="9.284" classname="com.vrt.testcases.UserManagementTest"/>
  <testcase name="ADMN026" time="9.267" classname="com.vrt.testcases.UserManagementTest"/>
  <testcase name="ADMN027" time="8.595" classname="com.vrt.testcases.UserManagementTest"/>
  <testcase name="ADMN028" time="9.766" classname="com.vrt.testcases.UserManagementTest"/>
  <testcase name="ADMN028" time="9.755" classname="com.vrt.testcases.UserManagementTest"/>
  <testcase name="ADMN028" time="9.766" classname="com.vrt.testcases.UserManagementTest"/>
  <testcase name="ADMN028" time="10.375" classname="com.vrt.testcases.UserManagementTest"/>
  <testcase name="ADMN028" time="9.222" classname="com.vrt.testcases.UserManagementTest"/>
  <testcase name="ADMN028" time="9.348" classname="com.vrt.testcases.UserManagementTest"/>
  <testcase name="ADMN028" time="9.255" classname="com.vrt.testcases.UserManagementTest"/>
  <testcase name="ADMN028" time="9.215" classname="com.vrt.testcases.UserManagementTest"/>
  <testcase name="ADMN028" time="9.343" classname="com.vrt.testcases.UserManagementTest"/>
  <testcase name="ADMN028" time="9.192" classname="com.vrt.testcases.UserManagementTest"/>
  <testcase name="ADMN028" time="9.248" classname="com.vrt.testcases.UserManagementTest"/>
  <testcase name="ADMN028" time="9.155" classname="com.vrt.testcases.UserManagementTest"/>
  <testcase name="ADMN028" time="9.367" classname="com.vrt.testcases.UserManagementTest"/>
  <testcase name="ADMN028" time="9.168" classname="com.vrt.testcases.UserManagementTest"/>
  <testcase name="ADMN028" time="9.296" classname="com.vrt.testcases.UserManagementTest"/>
  <testcase name="ADMN028" time="9.099" classname="com.vrt.testcases.UserManagementTest"/>
  <testcase name="ADMN028" time="9.112" classname="com.vrt.testcases.UserManagementTest"/>
  <testcase name="ADMN028" time="9.162" classname="com.vrt.testcases.UserManagementTest"/>
  <testcase name="ADMN028" time="9.223" classname="com.vrt.testcases.UserManagementTest"/>
  <testcase name="ADMN028" time="9.272" classname="com.vrt.testcases.UserManagementTest"/>
  <testcase name="ADMN028" time="9.258" classname="com.vrt.testcases.UserManagementTest"/>
  <testcase name="ADMN028" time="9.201" classname="com.vrt.testcases.UserManagementTest"/>
  <testcase name="ADMN028" time="9.282" classname="com.vrt.testcases.UserManagementTest"/>
  <testcase name="ADMN028" time="9.178" classname="com.vrt.testcases.UserManagementTest"/>
  <testcase name="ADMN028" time="9.332" classname="com.vrt.testcases.UserManagementTest"/>
  <testcase name="ADMN028" time="9.193" classname="com.vrt.testcases.UserManagementTest"/>
  <testcase name="ADMN028" time="9.11" classname="com.vrt.testcases.UserManagementTest"/>
  <testcase name="ADMN028" time="9.144" classname="com.vrt.testcases.UserManagementTest"/>
  <testcase name="ADMN028" time="9.416" classname="com.vrt.testcases.UserManagementTest"/>
  <testcase name="ADMN028" time="9.329" classname="com.vrt.testcases.UserManagementTest"/>
  <testcase name="ADMN028" time="9.279" classname="com.vrt.testcases.UserManagementTest"/>
  <testcase name="ADMN028" time="9.242" classname="com.vrt.testcases.UserManagementTest"/>
  <testcase name="ADMN028" time="9.294" classname="com.vrt.testcases.UserManagementTest"/>
  <testcase name="ADMN028" time="9.207" classname="com.vrt.testcases.UserManagementTest"/>
  <testcase name="ADMN028" time="9.318" classname="com.vrt.testcases.UserManagementTest"/>
  <testcase name="ADMN028" time="9.233" classname="com.vrt.testcases.UserManagementTest"/>
  <testcase name="ADMN029" time="10.667" classname="com.vrt.testcases.UserManagementTest"/>
  <testcase name="ADMN029" time="9.905" classname="com.vrt.testcases.UserManagementTest"/>
  <testcase name="ADMN029" time="10.044" classname="com.vrt.testcases.UserManagementTest"/>
  <testcase name="ADMN029" time="10.044" classname="com.vrt.testcases.UserManagementTest"/>
  <testcase name="ADMN030" time="9.378" classname="com.vrt.testcases.UserManagementTest"/>
  <testcase name="ADMN031" time="9.579" classname="com.vrt.testcases.UserManagementTest"/>
  <testcase name="ADMN032" time="0.299" classname="com.vrt.testcases.UserManagementTest"/>
  <testcase name="ADMN032A" time="24.32" classname="com.vrt.testcases.UserManagementTest">
    <skipped/>
  </testcase> <!-- ADMN032A -->
  <testcase name="ADMN032A" time="27.544" classname="com.vrt.testcases.UserManagementTest">
    <skipped/>
  </testcase> <!-- ADMN032A -->
  <testcase name="ADMN032A" time="27.343" classname="com.vrt.testcases.UserManagementTest">
    <failure type="org.openqa.selenium.NoSuchElementException" message="An element could not be located on the page using the given search parameters. (WARNING: The server did not provide any stacktrace information)
Command duration or timeout: 0 milliseconds
For documentation on this error, please visit: https://www.seleniumhq.org/exceptions/no_such_element.html
Build info: version: &amp;apos;3.141.59&amp;apos;, revision: &amp;apos;e82be7d358&amp;apos;, time: &amp;apos;2018-11-14T08:17:03&amp;apos;
System info: host: &amp;apos;INAS-LP024&amp;apos;, ip: &amp;apos;192.168.47.1&amp;apos;, os.name: &amp;apos;Windows 10&amp;apos;, os.arch: &amp;apos;amd64&amp;apos;, os.version: &amp;apos;10.0&amp;apos;, java.version: &amp;apos;1.8.0_181&amp;apos;
Driver info: io.appium.java_client.windows.WindowsDriver
Capabilities {app: Kaye.ValProbeRT_racmveb2qnw..., javascriptEnabled: true, ms:waitForAppLaunch: 10, platform: WINDOWS, platformName: WINDOWS}
Session ID: EFE4900D-C994-41E4-976F-0CB29013B3AD
*** Element info: {Using=name, value=Enter User Credentials}">
      <![CDATA[org.openqa.selenium.NoSuchElementException: An element could not be located on the page using the given search parameters. (WARNING: The server did not provide any stacktrace information)
Command duration or timeout: 0 milliseconds
For documentation on this error, please visit: https://www.seleniumhq.org/exceptions/no_such_element.html
Build info: version: '3.141.59', revision: 'e82be7d358', time: '2018-11-14T08:17:03'
System info: host: 'INAS-LP024', ip: '192.168.47.1', os.name: 'Windows 10', os.arch: 'amd64', os.version: '10.0', java.version: '1.8.0_181'
Driver info: io.appium.java_client.windows.WindowsDriver
Capabilities {app: Kaye.ValProbeRT_racmveb2qnw..., javascriptEnabled: true, ms:waitForAppLaunch: 10, platform: WINDOWS, platformName: WINDOWS}
Session ID: EFE4900D-C994-41E4-976F-0CB29013B3AD
*** Element info: {Using=name, value=Enter User Credentials}
at org.openqa.selenium.remote.ErrorHandler.createThrowable(ErrorHandler.java:214)
at org.openqa.selenium.remote.ErrorHandler.throwIfResponseFailed(ErrorHandler.java:166)
at org.openqa.selenium.remote.http.JsonHttpResponseCodec.reconstructValue(JsonHttpResponseCodec.java:40)
at org.openqa.selenium.remote.http.AbstractHttpResponseCodec.decode(AbstractHttpResponseCodec.java:80)
at org.openqa.selenium.remote.http.AbstractHttpResponseCodec.decode(AbstractHttpResponseCodec.java:44)
at org.openqa.selenium.remote.HttpCommandExecutor.execute(HttpCommandExecutor.java:158)
at io.appium.java_client.remote.AppiumCommandExecutor.execute(AppiumCommandExecutor.java:239)
at org.openqa.selenium.remote.RemoteWebDriver.execute(RemoteWebDriver.java:552)
at io.appium.java_client.DefaultGenericMobileDriver.execute(DefaultGenericMobileDriver.java:42)
at io.appium.java_client.AppiumDriver.execute(AppiumDriver.java:1)
at io.appium.java_client.windows.WindowsDriver.execute(WindowsDriver.java:1)
at org.openqa.selenium.remote.RemoteWebDriver.findElement(RemoteWebDriver.java:323)
at io.appium.java_client.DefaultGenericMobileDriver.findElement(DefaultGenericMobileDriver.java:62)
at io.appium.java_client.AppiumDriver.findElement(AppiumDriver.java:1)
at io.appium.java_client.windows.WindowsDriver.findElement(WindowsDriver.java:1)
at org.openqa.selenium.remote.RemoteWebDriver.findElementByName(RemoteWebDriver.java:404)
at io.appium.java_client.DefaultGenericMobileDriver.findElementByName(DefaultGenericMobileDriver.java:118)
at io.appium.java_client.AppiumDriver.findElementByName(AppiumDriver.java:1)
at io.appium.java_client.windows.WindowsDriver.findElementByName(WindowsDriver.java:1)
at com.vrt.base.BaseClass.UserLoginPopup(BaseClass.java:188)
at com.vrt.testcases.UserManagementTest.ADMN032A(UserManagementTest.java:882)
at java.util.ArrayList.forEach(ArrayList.java:1257)
... Removed 31 stack frames]]>
    </failure>
  </testcase> <!-- ADMN032A -->
  <testcase name="ADMN033" time="1.327" classname="com.vrt.testcases.UserManagementTest"/>
  <testcase name="ADMN034" time="29.948" classname="com.vrt.testcases.UserManagementTest"/>
  <testcase name="ADMN034A" time="19.426" classname="com.vrt.testcases.UserManagementTest">
    <skipped/>
  </testcase> <!-- ADMN034A -->
  <testcase name="ADMN034A" time="26.718" classname="com.vrt.testcases.UserManagementTest">
    <skipped/>
  </testcase> <!-- ADMN034A -->
  <testcase name="ADMN034A" time="28.657" classname="com.vrt.testcases.UserManagementTest">
    <failure type="org.openqa.selenium.NoSuchElementException" message="An element could not be located on the page using the given search parameters. (WARNING: The server did not provide any stacktrace information)
Command duration or timeout: 0 milliseconds
For documentation on this error, please visit: https://www.seleniumhq.org/exceptions/no_such_element.html
Build info: version: &amp;apos;3.141.59&amp;apos;, revision: &amp;apos;e82be7d358&amp;apos;, time: &amp;apos;2018-11-14T08:17:03&amp;apos;
System info: host: &amp;apos;INAS-LP024&amp;apos;, ip: &amp;apos;192.168.47.1&amp;apos;, os.name: &amp;apos;Windows 10&amp;apos;, os.arch: &amp;apos;amd64&amp;apos;, os.version: &amp;apos;10.0&amp;apos;, java.version: &amp;apos;1.8.0_181&amp;apos;
Driver info: io.appium.java_client.windows.WindowsDriver
Capabilities {app: Kaye.ValProbeRT_racmveb2qnw..., javascriptEnabled: true, ms:waitForAppLaunch: 10, platform: WINDOWS, platformName: WINDOWS}
Session ID: 0E5EA559-2388-4E2C-935C-81537CC3DB53
*** Element info: {Using=name, value=Enter User Credentials}">
      <![CDATA[org.openqa.selenium.NoSuchElementException: An element could not be located on the page using the given search parameters. (WARNING: The server did not provide any stacktrace information)
Command duration or timeout: 0 milliseconds
For documentation on this error, please visit: https://www.seleniumhq.org/exceptions/no_such_element.html
Build info: version: '3.141.59', revision: 'e82be7d358', time: '2018-11-14T08:17:03'
System info: host: 'INAS-LP024', ip: '192.168.47.1', os.name: 'Windows 10', os.arch: 'amd64', os.version: '10.0', java.version: '1.8.0_181'
Driver info: io.appium.java_client.windows.WindowsDriver
Capabilities {app: Kaye.ValProbeRT_racmveb2qnw..., javascriptEnabled: true, ms:waitForAppLaunch: 10, platform: WINDOWS, platformName: WINDOWS}
Session ID: 0E5EA559-2388-4E2C-935C-81537CC3DB53
*** Element info: {Using=name, value=Enter User Credentials}
at org.openqa.selenium.remote.ErrorHandler.createThrowable(ErrorHandler.java:214)
at org.openqa.selenium.remote.ErrorHandler.throwIfResponseFailed(ErrorHandler.java:166)
at org.openqa.selenium.remote.http.JsonHttpResponseCodec.reconstructValue(JsonHttpResponseCodec.java:40)
at org.openqa.selenium.remote.http.AbstractHttpResponseCodec.decode(AbstractHttpResponseCodec.java:80)
at org.openqa.selenium.remote.http.AbstractHttpResponseCodec.decode(AbstractHttpResponseCodec.java:44)
at org.openqa.selenium.remote.HttpCommandExecutor.execute(HttpCommandExecutor.java:158)
at io.appium.java_client.remote.AppiumCommandExecutor.execute(AppiumCommandExecutor.java:239)
at org.openqa.selenium.remote.RemoteWebDriver.execute(RemoteWebDriver.java:552)
at io.appium.java_client.DefaultGenericMobileDriver.execute(DefaultGenericMobileDriver.java:42)
at io.appium.java_client.AppiumDriver.execute(AppiumDriver.java:1)
at io.appium.java_client.windows.WindowsDriver.execute(WindowsDriver.java:1)
at org.openqa.selenium.remote.RemoteWebDriver.findElement(RemoteWebDriver.java:323)
at io.appium.java_client.DefaultGenericMobileDriver.findElement(DefaultGenericMobileDriver.java:62)
at io.appium.java_client.AppiumDriver.findElement(AppiumDriver.java:1)
at io.appium.java_client.windows.WindowsDriver.findElement(WindowsDriver.java:1)
at org.openqa.selenium.remote.RemoteWebDriver.findElementByName(RemoteWebDriver.java:404)
at io.appium.java_client.DefaultGenericMobileDriver.findElementByName(DefaultGenericMobileDriver.java:118)
at io.appium.java_client.AppiumDriver.findElementByName(AppiumDriver.java:1)
at io.appium.java_client.windows.WindowsDriver.findElementByName(WindowsDriver.java:1)
at com.vrt.base.BaseClass.UserLoginPopup(BaseClass.java:188)
at com.vrt.testcases.UserManagementTest.ADMN034A(UserManagementTest.java:956)
at java.util.ArrayList.forEach(ArrayList.java:1257)
... Removed 31 stack frames]]>
    </failure>
  </testcase> <!-- ADMN034A -->
  <testcase name="ADMN034B" time="7.321" classname="com.vrt.testcases.UserManagementTest">
    <skipped/>
  </testcase> <!-- ADMN034B -->
  <testcase name="ADMN034B" time="6.551" classname="com.vrt.testcases.UserManagementTest">
    <skipped/>
  </testcase> <!-- ADMN034B -->
  <testcase name="ADMN034B" time="7.131" classname="com.vrt.testcases.UserManagementTest">
    <failure type="java.lang.AssertionError" message="The following asserts failed:
	FAIL:  Disable user should not be able to delete equipments expected [User account has been disabled, please contact administrator] but found [Invalid Credential, Please try again]">
      <![CDATA[java.lang.AssertionError: The following asserts failed:
FAIL:  Disable user should not be able to delete equipments expected [User account has been disabled, please contact administrator] but found [Invalid Credential, Please try again]
at com.vrt.testcases.UserManagementTest.ADMN034B(UserManagementTest.java:988)
at java.util.ArrayList.forEach(ArrayList.java:1257)
... Removed 29 stack frames]]>
    </failure>
  </testcase> <!-- ADMN034B -->
  <testcase name="ADMN035" time="4.359" classname="com.vrt.testcases.UserManagementTest">
    <skipped/>
  </testcase> <!-- ADMN035 -->
  <testcase name="ADMN035" time="4.356" classname="com.vrt.testcases.UserManagementTest">
    <skipped/>
  </testcase> <!-- ADMN035 -->
  <testcase name="ADMN035" time="4.4" classname="com.vrt.testcases.UserManagementTest">
    <failure type="java.lang.AssertionError" message="The following asserts failed:
	FAIL:  Disable user should not be able to delete equipments expected [User account has been disabled, please contact administrator] but found [Invalid Credential, Please try again]">
      <![CDATA[java.lang.AssertionError: The following asserts failed:
FAIL:  Disable user should not be able to delete equipments expected [User account has been disabled, please contact administrator] but found [Invalid Credential, Please try again]
at com.vrt.testcases.UserManagementTest.ADMN035(UserManagementTest.java:1007)
at java.util.ArrayList.forEach(ArrayList.java:1257)
... Removed 29 stack frames]]>
    </failure>
  </testcase> <!-- ADMN035 -->
  <testcase name="ADMN036" time="11.327" classname="com.vrt.testcases.UserManagementTest">
    <skipped/>
  </testcase> <!-- ADMN036 -->
  <testcase name="ADMN036" time="11.251" classname="com.vrt.testcases.UserManagementTest">
    <skipped/>
  </testcase> <!-- ADMN036 -->
  <testcase name="ADMN036" time="11.345" classname="com.vrt.testcases.UserManagementTest">
    <failure type="java.lang.AssertionError" message="The following asserts failed:
	FAIL:  Disable user should not be able to create asserts expected [User account has been disabled, please contact administrator] but found [Invalid Credential, Please try again]">
      <![CDATA[java.lang.AssertionError: The following asserts failed:
FAIL:  Disable user should not be able to create asserts expected [User account has been disabled, please contact administrator] but found [Invalid Credential, Please try again]
at com.vrt.testcases.UserManagementTest.ADMN036(UserManagementTest.java:1026)
at java.util.ArrayList.forEach(ArrayList.java:1257)
... Removed 29 stack frames]]>
    </failure>
  </testcase> <!-- ADMN036 -->
  <testcase name="ADMN036A" time="20.259" classname="com.vrt.testcases.UserManagementTest">
    <skipped/>
  </testcase> <!-- ADMN036A -->
  <testcase name="ADMN036A" time="29.722" classname="com.vrt.testcases.UserManagementTest">
    <skipped/>
  </testcase> <!-- ADMN036A -->
  <testcase name="ADMN036A" time="31.072" classname="com.vrt.testcases.UserManagementTest">
    <failure type="org.openqa.selenium.NoSuchElementException" message="An element could not be located on the page using the given search parameters. (WARNING: The server did not provide any stacktrace information)
Command duration or timeout: 0 milliseconds
For documentation on this error, please visit: https://www.seleniumhq.org/exceptions/no_such_element.html
Build info: version: &amp;apos;3.141.59&amp;apos;, revision: &amp;apos;e82be7d358&amp;apos;, time: &amp;apos;2018-11-14T08:17:03&amp;apos;
System info: host: &amp;apos;INAS-LP024&amp;apos;, ip: &amp;apos;192.168.47.1&amp;apos;, os.name: &amp;apos;Windows 10&amp;apos;, os.arch: &amp;apos;amd64&amp;apos;, os.version: &amp;apos;10.0&amp;apos;, java.version: &amp;apos;1.8.0_181&amp;apos;
Driver info: io.appium.java_client.windows.WindowsDriver
Capabilities {app: Kaye.ValProbeRT_racmveb2qnw..., javascriptEnabled: true, ms:waitForAppLaunch: 10, platform: WINDOWS, platformName: WINDOWS}
Session ID: F1DFBBA9-6EE2-404A-8759-6A9ED5320D4A
*** Element info: {Using=name, value=Enter User Credentials}">
      <![CDATA[org.openqa.selenium.NoSuchElementException: An element could not be located on the page using the given search parameters. (WARNING: The server did not provide any stacktrace information)
Command duration or timeout: 0 milliseconds
For documentation on this error, please visit: https://www.seleniumhq.org/exceptions/no_such_element.html
Build info: version: '3.141.59', revision: 'e82be7d358', time: '2018-11-14T08:17:03'
System info: host: 'INAS-LP024', ip: '192.168.47.1', os.name: 'Windows 10', os.arch: 'amd64', os.version: '10.0', java.version: '1.8.0_181'
Driver info: io.appium.java_client.windows.WindowsDriver
Capabilities {app: Kaye.ValProbeRT_racmveb2qnw..., javascriptEnabled: true, ms:waitForAppLaunch: 10, platform: WINDOWS, platformName: WINDOWS}
Session ID: F1DFBBA9-6EE2-404A-8759-6A9ED5320D4A
*** Element info: {Using=name, value=Enter User Credentials}
at org.openqa.selenium.remote.ErrorHandler.createThrowable(ErrorHandler.java:214)
at org.openqa.selenium.remote.ErrorHandler.throwIfResponseFailed(ErrorHandler.java:166)
at org.openqa.selenium.remote.http.JsonHttpResponseCodec.reconstructValue(JsonHttpResponseCodec.java:40)
at org.openqa.selenium.remote.http.AbstractHttpResponseCodec.decode(AbstractHttpResponseCodec.java:80)
at org.openqa.selenium.remote.http.AbstractHttpResponseCodec.decode(AbstractHttpResponseCodec.java:44)
at org.openqa.selenium.remote.HttpCommandExecutor.execute(HttpCommandExecutor.java:158)
at io.appium.java_client.remote.AppiumCommandExecutor.execute(AppiumCommandExecutor.java:239)
at org.openqa.selenium.remote.RemoteWebDriver.execute(RemoteWebDriver.java:552)
at io.appium.java_client.DefaultGenericMobileDriver.execute(DefaultGenericMobileDriver.java:42)
at io.appium.java_client.AppiumDriver.execute(AppiumDriver.java:1)
at io.appium.java_client.windows.WindowsDriver.execute(WindowsDriver.java:1)
at org.openqa.selenium.remote.RemoteWebDriver.findElement(RemoteWebDriver.java:323)
at io.appium.java_client.DefaultGenericMobileDriver.findElement(DefaultGenericMobileDriver.java:62)
at io.appium.java_client.AppiumDriver.findElement(AppiumDriver.java:1)
at io.appium.java_client.windows.WindowsDriver.findElement(WindowsDriver.java:1)
at org.openqa.selenium.remote.RemoteWebDriver.findElementByName(RemoteWebDriver.java:404)
at io.appium.java_client.DefaultGenericMobileDriver.findElementByName(DefaultGenericMobileDriver.java:118)
at io.appium.java_client.AppiumDriver.findElementByName(AppiumDriver.java:1)
at io.appium.java_client.windows.WindowsDriver.findElementByName(WindowsDriver.java:1)
at com.vrt.base.BaseClass.UserLoginPopup(BaseClass.java:188)
at com.vrt.testcases.UserManagementTest.ADMN036A(UserManagementTest.java:1041)
at java.util.ArrayList.forEach(ArrayList.java:1257)
... Removed 31 stack frames]]>
    </failure>
  </testcase> <!-- ADMN036A -->
  <testcase name="ADMN036B" time="6.432" classname="com.vrt.testcases.UserManagementTest">
    <skipped/>
  </testcase> <!-- ADMN036B -->
  <testcase name="ADMN036B" time="6.426" classname="com.vrt.testcases.UserManagementTest">
    <skipped/>
  </testcase> <!-- ADMN036B -->
  <testcase name="ADMN036B" time="6.462" classname="com.vrt.testcases.UserManagementTest">
    <failure type="java.lang.AssertionError" message="The following asserts failed:
	FAIL:  Disable user should not be able to delete in Assets screen expected [User account has been disabled, please contact administrator] but found [Invalid Credential, Please try again]">
      <![CDATA[java.lang.AssertionError: The following asserts failed:
FAIL:  Disable user should not be able to delete in Assets screen expected [User account has been disabled, please contact administrator] but found [Invalid Credential, Please try again]
at com.vrt.testcases.UserManagementTest.ADMN036B(UserManagementTest.java:1069)
at java.util.ArrayList.forEach(ArrayList.java:1257)
... Removed 29 stack frames]]>
    </failure>
  </testcase> <!-- ADMN036B -->
  <testcase name="ADMN042" time="9.982" classname="com.vrt.testcases.UserManagementTest">
    <skipped/>
  </testcase> <!-- ADMN042 -->
  <testcase name="ADMN042" time="9.808" classname="com.vrt.testcases.UserManagementTest">
    <skipped/>
  </testcase> <!-- ADMN042 -->
  <testcase name="ADMN042" time="9.864" classname="com.vrt.testcases.UserManagementTest">
    <failure type="java.lang.AssertionError" message="The following asserts failed:
	FAIL:  Disable user should not be able to create new user  expected [User account has been disabled, please contact administrator] but found [Invalid Credential, Please try again]">
      <![CDATA[java.lang.AssertionError: The following asserts failed:
FAIL:  Disable user should not be able to create new user  expected [User account has been disabled, please contact administrator] but found [Invalid Credential, Please try again]
at com.vrt.testcases.UserManagementTest.ADMN042(UserManagementTest.java:1086)
at java.util.ArrayList.forEach(ArrayList.java:1257)
... Removed 29 stack frames]]>
    </failure>
  </testcase> <!-- ADMN042 -->
  <testcase name="ADMN042A" time="3.989" classname="com.vrt.testcases.UserManagementTest">
    <skipped/>
  </testcase> <!-- ADMN042A -->
  <testcase name="ADMN042A" time="3.898" classname="com.vrt.testcases.UserManagementTest">
    <skipped/>
  </testcase> <!-- ADMN042A -->
  <testcase name="ADMN042A" time="3.879" classname="com.vrt.testcases.UserManagementTest">
    <failure type="java.lang.AssertionError" message="The following asserts failed:
	FAIL:  Disable user should not be able to save any user details  expected [User account has been disabled, please contact administrator] but found [Invalid Credential, Please try again]">
      <![CDATA[java.lang.AssertionError: The following asserts failed:
FAIL:  Disable user should not be able to save any user details  expected [User account has been disabled, please contact administrator] but found [Invalid Credential, Please try again]
at com.vrt.testcases.UserManagementTest.ADMN042A(UserManagementTest.java:1102)
at java.util.ArrayList.forEach(ArrayList.java:1257)
... Removed 29 stack frames]]>
    </failure>
  </testcase> <!-- ADMN042A -->
  <testcase name="ADMN042B" time="3.916" classname="com.vrt.testcases.UserManagementTest">
    <skipped/>
  </testcase> <!-- ADMN042B -->
  <testcase name="ADMN042B" time="3.904" classname="com.vrt.testcases.UserManagementTest">
    <skipped/>
  </testcase> <!-- ADMN042B -->
  <testcase name="ADMN042B" time="4.012" classname="com.vrt.testcases.UserManagementTest">
    <failure type="java.lang.AssertionError" message="The following asserts failed:
	FAIL:  Disable user should not be able to delete any user details  expected [User account has been disabled, please contact administrator] but found [Invalid Credential, Please try again]">
      <![CDATA[java.lang.AssertionError: The following asserts failed:
FAIL:  Disable user should not be able to delete any user details  expected [User account has been disabled, please contact administrator] but found [Invalid Credential, Please try again]
at com.vrt.testcases.UserManagementTest.ADMN042B(UserManagementTest.java:1118)
at java.util.ArrayList.forEach(ArrayList.java:1257)
... Removed 29 stack frames]]>
    </failure>
  </testcase> <!-- ADMN042B -->
  <testcase name="ADMN043" time="4.963" classname="com.vrt.testcases.UserManagementTest">
    <skipped/>
  </testcase> <!-- ADMN043 -->
  <testcase name="ADMN043" time="4.896" classname="com.vrt.testcases.UserManagementTest">
    <skipped/>
  </testcase> <!-- ADMN043 -->
  <testcase name="ADMN043" time="4.96" classname="com.vrt.testcases.UserManagementTest">
    <failure type="java.lang.AssertionError" message="The following asserts failed:
	FAIL:  Disable user should not be able to access File SyncIn  expected [User account has been disabled, please contact administrator] but found [Invalid Credential, Please try again]">
      <![CDATA[java.lang.AssertionError: The following asserts failed:
FAIL:  Disable user should not be able to access File SyncIn  expected [User account has been disabled, please contact administrator] but found [Invalid Credential, Please try again]
at com.vrt.testcases.UserManagementTest.ADMN043(UserManagementTest.java:1136)
at java.util.ArrayList.forEach(ArrayList.java:1257)
... Removed 29 stack frames]]>
    </failure>
  </testcase> <!-- ADMN043 -->
  <testcase name="ADMN043A" time="4.865" classname="com.vrt.testcases.UserManagementTest">
    <skipped/>
  </testcase> <!-- ADMN043A -->
  <testcase name="ADMN043A" time="4.826" classname="com.vrt.testcases.UserManagementTest">
    <skipped/>
  </testcase> <!-- ADMN043A -->
  <testcase name="ADMN043A" time="4.886" classname="com.vrt.testcases.UserManagementTest">
    <failure type="java.lang.AssertionError" message="The following asserts failed:
	FAIL:  Disable user should not be able to access File SyncIn  expected [User account has been disabled, please contact administrator] but found [Invalid Credential, Please try again]">
      <![CDATA[java.lang.AssertionError: The following asserts failed:
FAIL:  Disable user should not be able to access File SyncIn  expected [User account has been disabled, please contact administrator] but found [Invalid Credential, Please try again]
at com.vrt.testcases.UserManagementTest.ADMN043A(UserManagementTest.java:1154)
at java.util.ArrayList.forEach(ArrayList.java:1257)
... Removed 29 stack frames]]>
    </failure>
  </testcase> <!-- ADMN043A -->
  <testcase name="ADMN044" time="9.723" classname="com.vrt.testcases.UserManagementTest"/>
  <testcase name="ADMN045" time="13.836" classname="com.vrt.testcases.UserManagementTest"/>
  <testcase name="ADMN045A" time="4.882" classname="com.vrt.testcases.UserManagementTest"/>
  <testcase name="ADMN069" time="20.354" classname="com.vrt.testcases.UserManagementTest"/>
  <testcase name="ADMN069A" time="11.185" classname="com.vrt.testcases.UserManagementTest"/>
  <testcase name="ADMN069B" time="17.429" classname="com.vrt.testcases.UserManagementTest"/>
  <testcase name="ADMN069C" time="7.377" classname="com.vrt.testcases.UserManagementTest"/>
  <testcase name="ADMN069D" time="11.389" classname="com.vrt.testcases.UserManagementTest"/>
  <testcase name="ADMN069E" time="20.848" classname="com.vrt.testcases.UserManagementTest"/>
  <testcase name="ADMN069F" time="6.542" classname="com.vrt.testcases.UserManagementTest"/>
  <testcase name="ADMN069G" time="5.004" classname="com.vrt.testcases.UserManagementTest"/>
  <testcase name="ADMN069H" time="4.911" classname="com.vrt.testcases.UserManagementTest"/>
  <testcase name="ADMN069I" time="4.84" classname="com.vrt.testcases.UserManagementTest"/>
  <testcase name="ADMN069J" time="4.939" classname="com.vrt.testcases.UserManagementTest"/>
  <testcase name="ADMN126" time="4.49" classname="com.vrt.testcases.UserManagementTest"/>
  <testcase name="ADMN126A" time="4.847" classname="com.vrt.testcases.UserManagementTest"/>
  <testcase name="ADMN127" time="4.83" classname="com.vrt.testcases.UserManagementTest"/>
  <testcase name="ADMN128" time="5.883" classname="com.vrt.testcases.UserManagementTest"/>
  <testcase name="ADMN129" time="7.331" classname="com.vrt.testcases.UserManagementTest"/>
  <testcase name="ADMN130" time="0.915" classname="com.vrt.testcases.UserManagementTest"/>
  <testcase name="ADMN131" time="0.0" classname="com.vrt.testcases.UserManagementTest">
    <skipped/>
  </testcase> <!-- ADMN131 -->
  <testcase name="ADMN132" time="1.985" classname="com.vrt.testcases.UserManagementTest"/>
  <testcase name="ADMN064" time="16.255" classname="com.vrt.testcases.UserPrivilegesTest"/>
  <testcase name="ADMN072" time="12.291" classname="com.vrt.testcases.UserPrivilegesTest">
    <skipped/>
  </testcase> <!-- ADMN072 -->
  <testcase name="ADMN072" time="12.163" classname="com.vrt.testcases.UserPrivilegesTest">
    <skipped/>
  </testcase> <!-- ADMN072 -->
  <testcase name="ADMN072" time="12.302" classname="com.vrt.testcases.UserPrivilegesTest">
    <failure type="java.lang.AssertionError" message="The following asserts failed:
	FAIL: CreatePassFailtemplatestatus checkbox should  be Checked expected [false] but found [true],
	FAIL: EditPassFailtemplatestatus checkbox should  be Checked expected [false] but found [true],
	FAIL: Deletepassfailtemplatestatus checkbox should  be Checked expected [false] but found [true]">
      <![CDATA[java.lang.AssertionError: The following asserts failed:
FAIL: CreatePassFailtemplatestatus checkbox should  be Checked expected [false] but found [true],
FAIL: EditPassFailtemplatestatus checkbox should  be Checked expected [false] but found [true],
FAIL: Deletepassfailtemplatestatus checkbox should  be Checked expected [false] but found [true]
at com.vrt.testcases.UserPrivilegesTest.ADMN072(UserPrivilegesTest.java:492)
at java.util.ArrayList.forEach(ArrayList.java:1257)
... Removed 29 stack frames]]>
    </failure>
  </testcase> <!-- ADMN072 -->
  <testcase name="ADMN073" time="10.184" classname="com.vrt.testcases.UserPrivilegesTest"/>
  <testcase name="ADMN074" time="14.509" classname="com.vrt.testcases.UserPrivilegesTest"/>
  <testcase name="ADMN074A" time="9.52" classname="com.vrt.testcases.UserPrivilegesTest"/>
  <testcase name="ADMN075" time="4.589" classname="com.vrt.testcases.UserPrivilegesTest"/>
  <testcase name="ADMN076" time="9.695" classname="com.vrt.testcases.UserPrivilegesTest"/>
  <testcase name="ADMN077" time="6.008" classname="com.vrt.testcases.UserPrivilegesTest"/>
  <testcase name="ADMN077A" time="24.98" classname="com.vrt.testcases.UserPrivilegesTest"/>
  <testcase name="ADMN078" time="9.683" classname="com.vrt.testcases.UserPrivilegesTest"/>
  <testcase name="ADMN080" time="19.353" classname="com.vrt.testcases.UserPrivilegesTest"/>
  <testcase name="ADMN083" time="8.035" classname="com.vrt.testcases.UserPrivilegesTest"/>
  <testcase name="ADMN084" time="4.659" classname="com.vrt.testcases.UserPrivilegesTest"/>
  <testcase name="ADMN086" time="8.45" classname="com.vrt.testcases.UserPrivilegesTest"/>
  <testcase name="ADMN094" time="8.181" classname="com.vrt.testcases.UserPrivilegesTest"/>
  <testcase name="ADMN094A" time="8.112" classname="com.vrt.testcases.UserPrivilegesTest"/>
  <testcase name="ADMN097" time="12.442" classname="com.vrt.testcases.UserPrivilegesTest"/>
  <testcase name="ADMN098" time="10.387" classname="com.vrt.testcases.UserPrivilegesTest"/>
  <testcase name="ADMN099" time="14.483" classname="com.vrt.testcases.UserPrivilegesTest"/>
  <testcase name="ADMN100" time="9.684" classname="com.vrt.testcases.UserPrivilegesTest"/>
  <testcase name="ADMN105" time="10.11" classname="com.vrt.testcases.UserPrivilegesTest"/>
  <testcase name="ADMN106" time="9.642" classname="com.vrt.testcases.UserPrivilegesTest"/>
  <testcase name="ADMN107" time="7.977" classname="com.vrt.testcases.UserPrivilegesTest"/>
  <testcase name="ADMN108" time="4.728" classname="com.vrt.testcases.UserPrivilegesTest"/>
  <testcase name="ADMN109" time="7.967" classname="com.vrt.testcases.UserPrivilegesTest"/>
  <testcase name="ADMN109A" time="8.018" classname="com.vrt.testcases.UserPrivilegesTest"/>
  <testcase name="ADMN115" time="4.533" classname="com.vrt.testcases.UserPrivilegesTest"/>
  <testcase name="ADMN116A" time="8.152" classname="com.vrt.testcases.UserPrivilegesTest"/>
  <testcase name="ADMN117" time="6.005" classname="com.vrt.testcases.UserPrivilegesTest"/>
  <testcase name="ADMN117A" time="25.868" classname="com.vrt.testcases.UserPrivilegesTest"/>
  <testcase name="ADMN118" time="19.426" classname="com.vrt.testcases.UserPrivilegesTest"/>
  <testcase name="CADMN1" time="10.376" classname="com.vrt.testcases.UM_customized_UserPrivilagesTest"/>
  <testcase name="CADMN10" time="14.488" classname="com.vrt.testcases.UM_customized_UserPrivilagesTest"/>
  <testcase name="CADMN11" time="9.582" classname="com.vrt.testcases.UM_customized_UserPrivilagesTest"/>
  <testcase name="CADMN12" time="9.905" classname="com.vrt.testcases.UM_customized_UserPrivilagesTest"/>
  <testcase name="CADMN13" time="8.432" classname="com.vrt.testcases.UM_customized_UserPrivilagesTest"/>
  <testcase name="CADMN14" time="9.468" classname="com.vrt.testcases.UM_customized_UserPrivilagesTest"/>
  <testcase name="CADMN15" time="9.117" classname="com.vrt.testcases.UM_customized_UserPrivilagesTest"/>
  <testcase name="CADMN16" time="11.472" classname="com.vrt.testcases.UM_customized_UserPrivilagesTest"/>
  <testcase name="CADMN17" time="5.349" classname="com.vrt.testcases.UM_customized_UserPrivilagesTest"/>
  <testcase name="CADMN18" time="8.049" classname="com.vrt.testcases.UM_customized_UserPrivilagesTest"/>
  <testcase name="CADMN19" time="28.956" classname="com.vrt.testcases.UM_customized_UserPrivilagesTest"/>
  <testcase name="CADMN2" time="8.128" classname="com.vrt.testcases.UM_customized_UserPrivilagesTest"/>
  <testcase name="CADMN20" time="9.976" classname="com.vrt.testcases.UM_customized_UserPrivilagesTest"/>
  <testcase name="CADMN21" time="13.823" classname="com.vrt.testcases.UM_customized_UserPrivilagesTest"/>
  <testcase name="CADMN22" time="21.18" classname="com.vrt.testcases.UM_customized_UserPrivilagesTest"/>
  <testcase name="CADMN23" time="20.174" classname="com.vrt.testcases.UM_customized_UserPrivilagesTest"/>
  <testcase name="CADMN24" time="8.067" classname="com.vrt.testcases.UM_customized_UserPrivilagesTest"/>
  <testcase name="CADMN25" time="7.995" classname="com.vrt.testcases.UM_customized_UserPrivilagesTest"/>
  <testcase name="CADMN26" time="4.658" classname="com.vrt.testcases.UM_customized_UserPrivilagesTest"/>
  <testcase name="CADMN27" time="8.819" classname="com.vrt.testcases.UM_customized_UserPrivilagesTest"/>
  <testcase name="CADMN28" time="10.892" classname="com.vrt.testcases.UM_customized_UserPrivilagesTest"/>
  <testcase name="CADMN29" time="7.325" classname="com.vrt.testcases.UM_customized_UserPrivilagesTest"/>
  <testcase name="CADMN3" time="5.792" classname="com.vrt.testcases.UM_customized_UserPrivilagesTest"/>
  <testcase name="CADMN30" time="15.413" classname="com.vrt.testcases.UM_customized_UserPrivilagesTest"/>
  <testcase name="CADMN31" time="21.197" classname="com.vrt.testcases.UM_customized_UserPrivilagesTest"/>
  <testcase name="CADMN32" time="20.802" classname="com.vrt.testcases.UM_customized_UserPrivilagesTest"/>
  <testcase name="CADMN33" time="5.334" classname="com.vrt.testcases.UM_customized_UserPrivilagesTest"/>
  <testcase name="CADMN34" time="27.602" classname="com.vrt.testcases.UM_customized_UserPrivilagesTest"/>
  <testcase name="CADMN35" time="9.708" classname="com.vrt.testcases.UM_customized_UserPrivilagesTest"/>
  <testcase name="CADMN36" time="7.97" classname="com.vrt.testcases.UM_customized_UserPrivilagesTest"/>
  <testcase name="CADMN37" time="26.117" classname="com.vrt.testcases.UM_customized_UserPrivilagesTest">
    <skipped/>
  </testcase> <!-- CADMN37 -->
  <testcase name="CADMN37" time="25.249" classname="com.vrt.testcases.UM_customized_UserPrivilagesTest">
    <skipped/>
  </testcase> <!-- CADMN37 -->
  <testcase name="CADMN37" time="25.46" classname="com.vrt.testcases.UM_customized_UserPrivilagesTest">
    <failure type="org.openqa.selenium.NoSuchElementException" message="An element could not be located on the page using the given search parameters. (WARNING: The server did not provide any stacktrace information)
Command duration or timeout: 0 milliseconds
For documentation on this error, please visit: https://www.seleniumhq.org/exceptions/no_such_element.html
Build info: version: &amp;apos;3.141.59&amp;apos;, revision: &amp;apos;e82be7d358&amp;apos;, time: &amp;apos;2018-11-14T08:17:03&amp;apos;
System info: host: &amp;apos;INAS-LP024&amp;apos;, ip: &amp;apos;192.168.47.1&amp;apos;, os.name: &amp;apos;Windows 10&amp;apos;, os.arch: &amp;apos;amd64&amp;apos;, os.version: &amp;apos;10.0&amp;apos;, java.version: &amp;apos;1.8.0_181&amp;apos;
Driver info: io.appium.java_client.windows.WindowsDriver
Capabilities {app: Kaye.ValProbeRT_racmveb2qnw..., javascriptEnabled: true, ms:waitForAppLaunch: 10, platform: WINDOWS, platformName: WINDOWS}
Session ID: 9C556C29-00AD-4DB6-B190-EF9E4DC14628
*** Element info: {Using=accessibility id, value=SyncInFolderBrowseButton}">
      <![CDATA[org.openqa.selenium.NoSuchElementException: An element could not be located on the page using the given search parameters. (WARNING: The server did not provide any stacktrace information)
Command duration or timeout: 0 milliseconds
For documentation on this error, please visit: https://www.seleniumhq.org/exceptions/no_such_element.html
Build info: version: '3.141.59', revision: 'e82be7d358', time: '2018-11-14T08:17:03'
System info: host: 'INAS-LP024', ip: '192.168.47.1', os.name: 'Windows 10', os.arch: 'amd64', os.version: '10.0', java.version: '1.8.0_181'
Driver info: io.appium.java_client.windows.WindowsDriver
Capabilities {app: Kaye.ValProbeRT_racmveb2qnw..., javascriptEnabled: true, ms:waitForAppLaunch: 10, platform: WINDOWS, platformName: WINDOWS}
Session ID: 9C556C29-00AD-4DB6-B190-EF9E4DC14628
*** Element info: {Using=accessibility id, value=SyncInFolderBrowseButton}
at org.openqa.selenium.remote.ErrorHandler.createThrowable(ErrorHandler.java:214)
at org.openqa.selenium.remote.ErrorHandler.throwIfResponseFailed(ErrorHandler.java:166)
at org.openqa.selenium.remote.http.JsonHttpResponseCodec.reconstructValue(JsonHttpResponseCodec.java:40)
at org.openqa.selenium.remote.http.AbstractHttpResponseCodec.decode(AbstractHttpResponseCodec.java:80)
at org.openqa.selenium.remote.http.AbstractHttpResponseCodec.decode(AbstractHttpResponseCodec.java:44)
at org.openqa.selenium.remote.HttpCommandExecutor.execute(HttpCommandExecutor.java:158)
at io.appium.java_client.remote.AppiumCommandExecutor.execute(AppiumCommandExecutor.java:239)
at org.openqa.selenium.remote.RemoteWebDriver.execute(RemoteWebDriver.java:552)
at io.appium.java_client.DefaultGenericMobileDriver.execute(DefaultGenericMobileDriver.java:42)
at io.appium.java_client.AppiumDriver.execute(AppiumDriver.java:1)
at io.appium.java_client.windows.WindowsDriver.execute(WindowsDriver.java:1)
at org.openqa.selenium.remote.RemoteWebDriver.findElement(RemoteWebDriver.java:323)
at io.appium.java_client.DefaultGenericMobileDriver.findElement(DefaultGenericMobileDriver.java:62)
at io.appium.java_client.AppiumDriver.findElement(AppiumDriver.java:1)
at io.appium.java_client.windows.WindowsDriver.findElement(WindowsDriver.java:1)
at io.appium.java_client.FindsByAccessibilityId.findElementByAccessibilityId(FindsByAccessibilityId.java:37)
at com.vrt.pages.SyncInPage.initElements(SyncInPage.java:31)
at com.vrt.pages.SyncInPage.<init>(SyncInPage.java:43)
at com.vrt.pages.FileManagementPage.ClickSyncInBtn_SyncinPage(FileManagementPage.java:80)
at com.vrt.testcases.UM_customized_UserPrivilagesTest.CADMN37(UM_customized_UserPrivilagesTest.java:991)
at java.util.ArrayList.forEach(ArrayList.java:1257)
... Removed 31 stack frames]]>
    </failure>
  </testcase> <!-- CADMN37 -->
  <testcase name="CADMN38" time="8.104" classname="com.vrt.testcases.UM_customized_UserPrivilagesTest"/>
  <testcase name="CADMN39" time="9.382" classname="com.vrt.testcases.UM_customized_UserPrivilagesTest"/>
  <testcase name="CADMN4" time="25.639" classname="com.vrt.testcases.UM_customized_UserPrivilagesTest"/>
  <testcase name="CADMN40" time="4.641" classname="com.vrt.testcases.UM_customized_UserPrivilagesTest"/>
  <testcase name="CADMN5" time="27.769" classname="com.vrt.testcases.UM_customized_UserPrivilagesTest"/>
  <testcase name="CADMN6" time="7.743" classname="com.vrt.testcases.UM_customized_UserPrivilagesTest"/>
  <testcase name="CADMN7" time="7.742" classname="com.vrt.testcases.UM_customized_UserPrivilagesTest"/>
  <testcase name="CADMN8" time="7.656" classname="com.vrt.testcases.UM_customized_UserPrivilagesTest"/>
  <testcase name="CADMN9" time="4.522" classname="com.vrt.testcases.UM_customized_UserPrivilagesTest"/>
  <testcase name="ADMN051" time="0.0" classname="com.vrt.testcases.UM_DeleteStudyAndReportAcessTest">
    <skipped/>
  </testcase> <!-- ADMN051 -->
  <testcase name="ADMN056" time="0.0" classname="com.vrt.testcases.UM_DeleteStudyAndReportAcessTest">
    <skipped/>
  </testcase> <!-- ADMN056 -->
  <testcase name="ADMN063" time="0.0" classname="com.vrt.testcases.UM_DeleteStudyAndReportAcessTest">
    <skipped/>
  </testcase> <!-- ADMN063 -->
  <testcase name="ADMN065A" time="0.0" classname="com.vrt.testcases.UM_DeleteStudyAndReportAcessTest">
    <skipped/>
  </testcase> <!-- ADMN065A -->
  <testcase name="ADMN065B" time="0.0" classname="com.vrt.testcases.UM_DeleteStudyAndReportAcessTest">
    <skipped/>
  </testcase> <!-- ADMN065B -->
  <testcase name="ADMN065C" time="0.0" classname="com.vrt.testcases.UM_DeleteStudyAndReportAcessTest">
    <skipped/>
  </testcase> <!-- ADMN065C -->
  <testcase name="ADMN065E" time="0.0" classname="com.vrt.testcases.UM_DeleteStudyAndReportAcessTest">
    <skipped/>
  </testcase> <!-- ADMN065E -->
  <testcase name="ADMN079" time="0.0" classname="com.vrt.testcases.UM_DeleteStudyAndReportAcessTest">
    <skipped/>
  </testcase> <!-- ADMN079 -->
  <testcase name="ADMN081A" time="0.0" classname="com.vrt.testcases.UM_DeleteStudyAndReportAcessTest">
    <skipped/>
  </testcase> <!-- ADMN081A -->
  <testcase name="ADMN081B" time="0.0" classname="com.vrt.testcases.UM_DeleteStudyAndReportAcessTest">
    <skipped/>
  </testcase> <!-- ADMN081B -->
  <testcase name="ADMN081C" time="0.0" classname="com.vrt.testcases.UM_DeleteStudyAndReportAcessTest">
    <skipped/>
  </testcase> <!-- ADMN081C -->
  <testcase name="ADMN081D" time="0.0" classname="com.vrt.testcases.UM_DeleteStudyAndReportAcessTest">
    <skipped/>
  </testcase> <!-- ADMN081D -->
  <testcase name="ADMN081E" time="0.0" classname="com.vrt.testcases.UM_DeleteStudyAndReportAcessTest">
    <skipped/>
  </testcase> <!-- ADMN081E -->
  <testcase name="ADMN103A" time="0.0" classname="com.vrt.testcases.UM_DeleteStudyAndReportAcessTest">
    <skipped/>
  </testcase> <!-- ADMN103A -->
  <testcase name="ADMN103B" time="0.0" classname="com.vrt.testcases.UM_DeleteStudyAndReportAcessTest">
    <skipped/>
  </testcase> <!-- ADMN103B -->
  <testcase name="ADMN103C" time="0.0" classname="com.vrt.testcases.UM_DeleteStudyAndReportAcessTest">
    <skipped/>
  </testcase> <!-- ADMN103C -->
  <testcase name="ADMN103D" time="0.0" classname="com.vrt.testcases.UM_DeleteStudyAndReportAcessTest">
    <skipped/>
  </testcase> <!-- ADMN103D -->
  <testcase name="ADMN103E" time="0.0" classname="com.vrt.testcases.UM_DeleteStudyAndReportAcessTest">
    <skipped/>
  </testcase> <!-- ADMN103E -->
  <testcase name="ADMN120" time="0.0" classname="com.vrt.testcases.UM_DeleteStudyAndReportAcessTest">
    <skipped/>
  </testcase> <!-- ADMN120 -->
</testsuite> <!-- UMTestRegression -->
