<?xml version="1.0" encoding="UTF-8"?>
<!-- Generated by org.testng.reporters.JUnitXMLReporter -->
<testsuite hostname="INAS-LP024" ignored="0" name="Default test(failed)" tests="4" failures="2" timestamp="02 May 2019 13:14:36 GMT" time="75.314" errors="0">
  <testcase name="ASST112a" time="4.489" classname="com.vrt.testcases.assetCreationTest">
    <failure type="java.lang.AssertionError" message="The following asserts failed:
	expected [Size accepts the format as XXXXX.XX( where X=0 - 9 ) and greater than 0.] but found [Size accepts the format as XXXXX{0}XX( where X=0 - 9 ) and greater than 0.]">
      <![CDATA[java.lang.AssertionError: The following asserts failed:
expected [Size accepts the format as XXXXX.XX( where X=0 - 9 ) and greater than 0.] but found [Size accepts the format as XXXXX{0}XX( where X=0 - 9 ) and greater than 0.]
at com.vrt.testcases.assetCreationTest.ASST112a(assetCreationTest.java:328)
... Removed 26 stack frames]]>
    </failure>
  </testcase> <!-- ASST112a -->
  <testcase name="ASST112a" time="12.097" classname="com.vrt.testcases.assetCreationTest">
    <failure type="org.openqa.selenium.NoSuchElementException" message="An element could not be located on the page using the given search parameters. (WARNING: The server did not provide any stacktrace information)
Command duration or timeout: 0 milliseconds
For documentation on this error, please visit: https://www.seleniumhq.org/exceptions/no_such_element.html
Build info: version: &amp;apos;3.141.59&amp;apos;, revision: &amp;apos;e82be7d358&amp;apos;, time: &amp;apos;2018-11-14T08:17:03&amp;apos;
System info: host: &amp;apos;INAS-LP024&amp;apos;, ip: &amp;apos;192.168.47.1&amp;apos;, os.name: &amp;apos;Windows 10&amp;apos;, os.arch: &amp;apos;amd64&amp;apos;, os.version: &amp;apos;10.0&amp;apos;, java.version: &amp;apos;1.8.0_181&amp;apos;
Driver info: io.appium.java_client.windows.WindowsDriver
Capabilities {app: Kaye.ValProbeRT_racmveb2qnw..., javascriptEnabled: true, platform: WINDOWS, platformName: WINDOWS}
Session ID: 858FCCB2-1EEF-42E2-A371-CC0A5E018DF2
*** Element info: {Using=accessibility id, value=displayMessageTextBlock}">
      <![CDATA[org.openqa.selenium.NoSuchElementException: An element could not be located on the page using the given search parameters. (WARNING: The server did not provide any stacktrace information)
Command duration or timeout: 0 milliseconds
For documentation on this error, please visit: https://www.seleniumhq.org/exceptions/no_such_element.html
Build info: version: '3.141.59', revision: 'e82be7d358', time: '2018-11-14T08:17:03'
System info: host: 'INAS-LP024', ip: '192.168.47.1', os.name: 'Windows 10', os.arch: 'amd64', os.version: '10.0', java.version: '1.8.0_181'
Driver info: io.appium.java_client.windows.WindowsDriver
Capabilities {app: Kaye.ValProbeRT_racmveb2qnw..., javascriptEnabled: true, platform: WINDOWS, platformName: WINDOWS}
Session ID: 858FCCB2-1EEF-42E2-A371-CC0A5E018DF2
*** Element info: {Using=accessibility id, value=displayMessageTextBlock}
at org.openqa.selenium.remote.ErrorHandler.createThrowable(ErrorHandler.java:214)
at org.openqa.selenium.remote.ErrorHandler.throwIfResponseFailed(ErrorHandler.java:166)
at org.openqa.selenium.remote.http.JsonHttpResponseCodec.reconstructValue(JsonHttpResponseCodec.java:40)
at org.openqa.selenium.remote.http.AbstractHttpResponseCodec.decode(AbstractHttpResponseCodec.java:80)
at org.openqa.selenium.remote.http.AbstractHttpResponseCodec.decode(AbstractHttpResponseCodec.java:44)
at org.openqa.selenium.remote.HttpCommandExecutor.execute(HttpCommandExecutor.java:158)
at io.appium.java_client.remote.AppiumCommandExecutor.execute(AppiumCommandExecutor.java:239)
at org.openqa.selenium.remote.RemoteWebDriver.execute(RemoteWebDriver.java:552)
at io.appium.java_client.DefaultGenericMobileDriver.execute(DefaultGenericMobileDriver.java:42)
at io.appium.java_client.AppiumDriver.execute(AppiumDriver.java:1)
at io.appium.java_client.windows.WindowsDriver.execute(WindowsDriver.java:1)
at org.openqa.selenium.remote.RemoteWebDriver.findElement(RemoteWebDriver.java:323)
at io.appium.java_client.DefaultGenericMobileDriver.findElement(DefaultGenericMobileDriver.java:62)
at io.appium.java_client.AppiumDriver.findElement(AppiumDriver.java:1)
at io.appium.java_client.windows.WindowsDriver.findElement(WindowsDriver.java:1)
at io.appium.java_client.FindsByAccessibilityId.findElementByAccessibilityId(FindsByAccessibilityId.java:37)
at com.vrt.pages.assetCreationPage.AlertMsg(assetCreationPage.java:160)
at com.vrt.testcases.assetCreationTest.ASST112a(assetCreationTest.java:325)
... Removed 29 stack frames]]>
    </failure>
  </testcase> <!-- ASST112a -->
  <testcase name="ASST112a" time="4.388" classname="com.vrt.testcases.assetCreationTest"/>
  <testcase name="ASST112a" time="4.472" classname="com.vrt.testcases.assetCreationTest"/>
</testsuite> <!-- Default test(failed) -->
